<?xml version="1.0" encoding="UTF-8"?>
<testsuite xmlns:xsi="http://www.w3.org/2001/XMLSchema-instance" xsi:noNamespaceSchemaLocation="https://maven.apache.org/surefire/maven-surefire-plugin/xsd/surefire-test-report-3.0.xsd" version="3.0" name="org.apache.commons.cli.OptionsTest" time="0.024" tests="10" errors="0" skipped="0" failures="0">
  <properties>
[...]
</properties>
  <testcase name="testMissingOptionsException" classname="org.apache.commons.cli.OptionsTest" time="0.001"/>
  <testcase name="testGetMatchingOpts" classname="org.apache.commons.cli.OptionsTest" time="0.018"/>
  <testcase name="testLong" classname="org.apache.commons.cli.OptionsTest" time="0.0"/>
  <testcase name="testToString" classname="org.apache.commons.cli.OptionsTest" time="0.0"/>
  <testcase name="testHelpOptions" classname="org.apache.commons.cli.OptionsTest" time="0.0"/>
  <testcase name="testMissingOptionException" classname="org.apache.commons.cli.OptionsTest" time="0.001"/>
  <testcase name="testDuplicateSimple" classname="org.apache.commons.cli.OptionsTest" time="0.0"/>
  <testcase name="testGetOptionsGroups" classname="org.apache.commons.cli.OptionsTest" time="0.001"/>
  <testcase name="testDuplicateLong" classname="org.apache.commons.cli.OptionsTest" time="0.0"/>
  <testcase name="testSimple" classname="org.apache.commons.cli.OptionsTest" time="0.001"/>
</testsuite>