<?xml version="1.0" encoding="UTF-8"?>
<testsuite xmlns:xsi="http://www.w3.org/2001/XMLSchema-instance" xsi:noNamespaceSchemaLocation="https://maven.apache.org/surefire/maven-surefire-plugin/xsd/surefire-test-report-3.0.xsd" version="3.0" name="org.apache.commons.cli.PatternOptionBuilderTest" time="0.075" tests="18" errors="0" skipped="0" failures="0">
  <properties>
[...]
</properties>
  <testcase name="" classname="org.apache.commons.cli.DefaultParserTest" time="0.001"/>
  <testcase name="" classname="org.apache.commons.cli.DisablePartialMatchingTest" time="0.001"/>
  <testcase name="" classname="org.apache.commons.cli.GnuParserTest" time="0.001"/>
  <testcase name="" classname="org.apache.commons.cli.HelpFormatterTest" time="0.0"/>
  <testcase name="" classname="org.apache.commons.cli.OptionBuilderTest" time="0.0"/>
  <testcase name="" classname="org.apache.commons.cli.OptionGroupTest" time="0.001"/>
  <testcase name="" classname="org.apache.commons.cli.OptionsTest" time="0.0"/>
  <testcase name="" classname="org.apache.commons.cli.OptionTest" time="0.0"/>
  <testcase name="testSimplePattern" classname="org.apache.commons.cli.PatternOptionBuilderTest" time="0.043"/>
  <testcase name="testExistingFilePattern" classname="org.apache.commons.cli.PatternOptionBuilderTest" time="0.001"/>
  <testcase name="testURLPattern" classname="org.apache.commons.cli.PatternOptionBuilderTest" time="0.003">
    <system-err><![CDATA[Exception found converting v to desired type: Unable to parse the URL: foo://commons.apache.org
]]></system-err>
  </testcase>
  <testcase name="testEmptyPattern" classname="org.apache.commons.cli.PatternOptionBuilderTest" time="0.0"/>
  <testcase name="testClassPattern" classname="org.apache.commons.cli.PatternOptionBuilderTest" time="0.001">
    <system-err><![CDATA[Exception found converting d to desired type: Unable to find the class: System.DateTime
]]></system-err>
  </testcase>
  <testcase name="testRequiredOption" classname="org.apache.commons.cli.PatternOptionBuilderTest" time="0.004"/>
  <testcase name="testExistingFilePatternFileNotExist" classname="org.apache.commons.cli.PatternOptionBuilderTest" time="0.001">
    <system-err><![CDATA[Exception found converting f to desired type: Unable to find file: non-existing.file
]]></system-err>
  </testcase>
  <testcase name="testNumberPattern" classname="org.apache.commons.cli.PatternOptionBuilderTest" time="0.001">
    <system-err><![CDATA[Exception found converting x to desired type: For input string: "3,5"
]]></system-err>
  </testcase>
  <testcase name="testUntypedPattern" classname="org.apache.commons.cli.PatternOptionBuilderTest" time="0.0"/>
  <testcase name="testObjectPattern" classname="org.apache.commons.cli.PatternOptionBuilderTest" time="0.001">
    <system-err><![CDATA[Exception found converting i to desired type: java.lang.NoSuchMethodException; Unable to create an instance of: java.util.Calendar
Exception found converting n to desired type: Unable to find the class: System.DateTime
]]></system-err>
  </testcase>
</testsuite>