<?xml version="1.0" encoding="UTF-8"?>
<testsuite xmlns:xsi="http://www.w3.org/2001/XMLSchema-instance" xsi:noNamespaceSchemaLocation="https://maven.apache.org/surefire/maven-surefire-plugin/xsd/surefire-test-report-3.0.xsd" version="3.0" name="org.apache.commons.cli.PosixParserTest" time="0.142" tests="70" errors="0" skipped="10" failures="0">
  <properties>
[...]
</properties>
  <testcase name="" classname="org.apache.commons.cli.HelpFormatterTest" time="0.001"/>
  <testcase name="" classname="org.apache.commons.cli.OptionBuilderTest" time="0.0"/>
  <testcase name="" classname="org.apache.commons.cli.OptionGroupTest" time="0.0"/>
  <testcase name="" classname="org.apache.commons.cli.OptionsTest" time="0.0"/>
  <testcase name="" classname="org.apache.commons.cli.OptionTest" time="0.0"/>
  <testcase name="" classname="org.apache.commons.cli.PatternOptionBuilderTest" time="0.0"/>
  <testcase name="testAmbiguousLongWithoutEqualSingleDash" classname="org.apache.commons.cli.PosixParserTest" time="0.0">
    <skipped message="not supported by the PosixParser"/>
  </testcase>
  <testcase name="testLongWithoutEqualSingleDash" classname="org.apache.commons.cli.PosixParserTest" time="0.0">
    <skipped message="not supported by the PosixParser"/>
  </testcase>
  <testcase name="testAmbiguousPartialLongOption4" classname="org.apache.commons.cli.PosixParserTest" time="0.0">
    <skipped message="not supported by the PosixParser"/>
  </testcase>
  <testcase name="testShortWithEqual" classname="org.apache.commons.cli.PosixParserTest" time="0.0">
    <skipped message="not supported by the PosixParser"/>
  </testcase>
  <testcase name="testNegativeOption" classname="org.apache.commons.cli.PosixParserTest" time="0.0">
    <skipped message="not supported by the PosixParser (CLI-184)"/>
  </testcase>
  <testcase name="testLongWithUnexpectedArgument1" classname="org.apache.commons.cli.PosixParserTest" time="0.0">
    <skipped message="not supported by the PosixParser"/>
  </testcase>
  <testcase name="testLongWithEqualSingleDash" classname="org.apache.commons.cli.PosixParserTest" time="0.0">
    <skipped message="not supported by the PosixParser"/>
  </testcase>
  <testcase name="testUnambiguousPartialLongOption4" classname="org.apache.commons.cli.PosixParserTest" time="0.0">
    <skipped message="not supported by the PosixParser"/>
  </testcase>
  <testcase name="testDoubleDash2" classname="org.apache.commons.cli.PosixParserTest" time="0.0">
    <skipped message="not supported by the PosixParser"/>
  </testcase>
  <testcase name="testAmbiguousLongWithoutEqualSingleDash2" classname="org.apache.commons.cli.PosixParserTest" time="0.0">
    <skipped message="not supported by the PosixParser"/>
  </testcase>
  <testcase name="testSimpleLong" classname="org.apache.commons.cli.PosixParserTest" time="0.012"/>
  <testcase name="testSimpleShort" classname="org.apache.commons.cli.PosixParserTest" time="0.001"/>
  <testcase name="testLongOptionQuoteHandling" classname="org.apache.commons.cli.PosixParserTest" time="0.0"/>
  <testcase name="testStopBursting2" classname="org.apache.commons.cli.PosixParserTest" time="0.0"/>
  <testcase name="testMissingRequiredOption" classname="org.apache.commons.cli.PosixParserTest" time="0.002"/>
  <testcase name="testShortWithoutEqual" classname="org.apache.commons.cli.PosixParserTest" time="0.001"/>
  <testcase name="testReuseOptionsTwice" classname="org.apache.commons.cli.PosixParserTest" time="0.0"/>
  <testcase name="testMissingRequiredGroup" classname="org.apache.commons.cli.PosixParserTest" time="0.001"/>
  <testcase name="testOptionGroupLong" classname="org.apache.commons.cli.PosixParserTest" time="0.011"/>
  <testcase name="testLongOptionWithEqualsQuoteHandling" classname="org.apache.commons.cli.PosixParserTest" time="0.0"/>
  <testcase name="testMissingArgWithBursting" classname="org.apache.commons.cli.PosixParserTest" time="0.001"/>
  <testcase name="testMissingRequiredOptions" classname="org.apache.commons.cli.PosixParserTest" time="0.0"/>
  <testcase name="testShortWithUnexpectedArgument" classname="org.apache.commons.cli.PosixParserTest" time="0.001"/>
  <testcase name="testPropertyOverrideValues" classname="org.apache.commons.cli.PosixParserTest" time="0.0"/>
  <testcase name="testStopAtNonOptionLong" classname="org.apache.commons.cli.PosixParserTest" time="0.0"/>
  <testcase name="testNegativeArgument" classname="org.apache.commons.cli.PosixParserTest" time="0.003"/>
  <testcase name="testStopBursting" classname="org.apache.commons.cli.PosixParserTest" time="0.0"/>
  <testcase name="testStopAtUnexpectedArg" classname="org.apache.commons.cli.PosixParserTest" time="0.001"/>
  <testcase name="testPartialLongOptionSingleDash" classname="org.apache.commons.cli.PosixParserTest" time="0.0"/>
  <testcase name="testOptionGroup" classname="org.apache.commons.cli.PosixParserTest" time="0.001"/>
  <testcase name="testLongWithoutEqualDoubleDash" classname="org.apache.commons.cli.PosixParserTest" time="0.0"/>
  <testcase name="testPropertyOptionSingularValue" classname="org.apache.commons.cli.PosixParserTest" time="0.001"/>
  <testcase name="testPropertyOptionMultipleValues" classname="org.apache.commons.cli.PosixParserTest" time="0.001"/>
  <testcase name="testMissingArg" classname="org.apache.commons.cli.PosixParserTest" time="0.0"/>
  <testcase name="testPropertyOptionFlags" classname="org.apache.commons.cli.PosixParserTest" time="0.0"/>
  <testcase name="testPropertyOptionGroup" classname="org.apache.commons.cli.PosixParserTest" time="0.0"/>
  <testcase name="testUnrecognizedOptionWithBursting" classname="org.apache.commons.cli.PosixParserTest" time="0.0"/>
  <testcase name="testAmbiguousArgParsing" classname="org.apache.commons.cli.PosixParserTest" time="0.001"/>
  <testcase name="testMultipleWithLong" classname="org.apache.commons.cli.PosixParserTest" time="0.0"/>
  <testcase name="testUnrecognizedOption" classname="org.apache.commons.cli.PosixParserTest" time="0.001"/>
  <testcase name="testBursting" classname="org.apache.commons.cli.PosixParserTest" time="0.0"/>
  <testcase name="testAmbiguousPartialLongOption1" classname="org.apache.commons.cli.PosixParserTest" time="0.002"/>
  <testcase name="testAmbiguousPartialLongOption2" classname="org.apache.commons.cli.PosixParserTest" time="0.001"/>
  <testcase name="testAmbiguousPartialLongOption3" classname="org.apache.commons.cli.PosixParserTest" time="0.001"/>
  <testcase name="testPropertyOptionUnexpected" classname="org.apache.commons.cli.PosixParserTest" time="0.0"/>
  <testcase name="testSingleDash" classname="org.apache.commons.cli.PosixParserTest" time="0.001"/>
  <testcase name="testWithRequiredOption" classname="org.apache.commons.cli.PosixParserTest" time="0.0"/>
  <testcase name="testUnlimitedArgs" classname="org.apache.commons.cli.PosixParserTest" time="0.001"/>
  <testcase name="testPropertyOptionRequired" classname="org.apache.commons.cli.PosixParserTest" time="0.001"/>
  <testcase name="testOptionAndRequiredOption" classname="org.apache.commons.cli.PosixParserTest" time="0.0"/>
  <testcase name="testLongWithEqualDoubleDash" classname="org.apache.commons.cli.PosixParserTest" time="0.0"/>
  <testcase name="testLongWithUnexpectedArgument2" classname="org.apache.commons.cli.PosixParserTest" time="0.0"/>
  <testcase name="testStopAtNonOptionShort" classname="org.apache.commons.cli.PosixParserTest" time="0.0"/>
  <testcase name="testUnambiguousPartialLongOption1" classname="org.apache.commons.cli.PosixParserTest" time="0.0"/>
  <testcase name="testUnambiguousPartialLongOption2" classname="org.apache.commons.cli.PosixParserTest" time="0.001"/>
  <testcase name="testUnambiguousPartialLongOption3" classname="org.apache.commons.cli.PosixParserTest" time="0.0"/>
  <testcase name="testShortOptionConcatenatedQuoteHandling" classname="org.apache.commons.cli.PosixParserTest" time="0.001"/>
  <testcase name="testMultiple" classname="org.apache.commons.cli.PosixParserTest" time="0.0"/>
  <testcase name="testArgumentStartingWithHyphen" classname="org.apache.commons.cli.PosixParserTest" time="0.001"/>
  <testcase name="testPropertiesOption1" classname="org.apache.commons.cli.PosixParserTest" time="0.0"/>
  <testcase name="testPropertiesOption2" classname="org.apache.commons.cli.PosixParserTest" time="0.001"/>
  <testcase name="testDoubleDash1" classname="org.apache.commons.cli.PosixParserTest" time="0.0"/>
  <testcase name="testStopAtExpectedArg" classname="org.apache.commons.cli.PosixParserTest" time="0.001"/>
  <testcase name="testShortOptionQuoteHandling" classname="org.apache.commons.cli.PosixParserTest" time="0.0"/>
</testsuite>