<?xml version="1.0" encoding="UTF-8"?>
<testsuite xmlns:xsi="http://www.w3.org/2001/XMLSchema-instance" xsi:noNamespaceSchemaLocation="https://maven.apache.org/surefire/maven-surefire-plugin/xsd/surefire-test-report.xsd" name="com.zaxxer.nuprocess.RunTest" time="2.645" tests="17" errors="0" skipped="0" failures="0">
  <properties>
[...]
</properties>
  <testcase name="nullEnvironmentKeyViaConstructor" classname="com.zaxxer.nuprocess.RunTest" time="0.001"/>
  <testcase name="nullCommandViaCommandMutationWithRun" classname="com.zaxxer.nuprocess.RunTest" time="0.001"/>
  <testcase name="nullCommandViaConstructorWithStart" classname="com.zaxxer.nuprocess.RunTest" time="0.001"/>
  <testcase name="nullCommandViaCommandMutationWithStart" classname="com.zaxxer.nuprocess.RunTest" time="0.002"/>
  <testcase name="lotOfProcesses" classname="com.zaxxer.nuprocess.RunTest" time="0.351"/>
  <testcase name="decodingShortUtf8Data" classname="com.zaxxer.nuprocess.RunTest" time="0.015"/>
  <testcase name="nullEnvironmentValueViaConstructor" classname="com.zaxxer.nuprocess.RunTest" time="0.001"/>
  <testcase name="nullEnvironmentKeyViaEnvironmentMutation" classname="com.zaxxer.nuprocess.RunTest" time="0.001"/>
  <testcase name="badExit" classname="com.zaxxer.nuprocess.RunTest" time="0.261"/>
  <testcase name="lotOfData" classname="com.zaxxer.nuprocess.RunTest" time="1.659"/>
  <testcase name="nullCommandViaConstructorWithRun" classname="com.zaxxer.nuprocess.RunTest" time="0.001"/>
  <testcase name="softCloseStdinAfterWrite" classname="com.zaxxer.nuprocess.RunTest" time="0.015"/>
  <testcase name="decodingLongUtf8Data" classname="com.zaxxer.nuprocess.RunTest" time="0.035"/>
  <testcase name="noExecutableFound" classname="com.zaxxer.nuprocess.RunTest" time="0.005"/>
  <testcase name="callbackOrder" classname="com.zaxxer.nuprocess.RunTest" time="0.262"/>
  <testcase name="changeCwd" classname="com.zaxxer.nuprocess.RunTest" time="0.028"/>
  <testcase name="nullEnvironmentValueViaEnvironmentMutation" classname="com.zaxxer.nuprocess.RunTest" time="0.002"/>
</testsuite>