<?xml version="1.0" encoding="UTF-8"?>
<testsuite xmlns:xsi="http://www.w3.org/2001/XMLSchema-instance" xsi:noNamespaceSchemaLocation="https://maven.apache.org/surefire/maven-surefire-plugin/xsd/surefire-test-report-3.0.xsd" version="3.0" name="org.apache.commons.net.util.Base64Test" time="0.012" tests="28" errors="0" skipped="19" failures="0">
  <properties>
[...]
</properties>
  <testcase name="testDecodeBase64ByteArray" classname="org.apache.commons.net.util.Base64Test" time="0">
    <skipped/>
  </testcase>
  <testcase name="testEncodeBase64ByteArrayBoolean" classname="org.apache.commons.net.util.Base64Test" time="0">
    <skipped/>
  </testcase>
  <testcase name="testEncodeByteArray" classname="org.apache.commons.net.util.Base64Test" time="0">
    <skipped/>
  </testcase>
  <testcase name="testEncodeBase64URLSafe" classname="org.apache.commons.net.util.Base64Test" time="0">
    <skipped/>
  </testcase>
  <testcase name="testDecodeBase64String" classname="org.apache.commons.net.util.Base64Test" time="0">
    <skipped/>
  </testcase>
  <testcase name="testBase64Boolean" classname="org.apache.commons.net.util.Base64Test" time="0.005"/>
  <testcase name="testBase64Int" classname="org.apache.commons.net.util.Base64Test" time="0"/>
  <testcase name="testEncodeBase64ByteArray" classname="org.apache.commons.net.util.Base64Test" time="0.001"/>
  <testcase name="testDecodeObject" classname="org.apache.commons.net.util.Base64Test" time="0">
    <skipped/>
  </testcase>
  <testcase name="testDecodeString" classname="org.apache.commons.net.util.Base64Test" time="0">
    <skipped/>
  </testcase>
  <testcase name="testDecodeInteger" classname="org.apache.commons.net.util.Base64Test" time="0">
    <skipped/>
  </testcase>
  <testcase name="testEncodeBase64StringByteArray" classname="org.apache.commons.net.util.Base64Test" time="0">
    <skipped/>
  </testcase>
  <testcase name="testIsBase64" classname="org.apache.commons.net.util.Base64Test" time="0"/>
  <testcase name="testEncodeObject" classname="org.apache.commons.net.util.Base64Test" time="0">
    <skipped/>
  </testcase>
  <testcase name="testEncodeBase64Chunked" classname="org.apache.commons.net.util.Base64Test" time="0">
    <skipped/>
  </testcase>
  <testcase name="testEncodeBase64StringByteArrayBoolean" classname="org.apache.commons.net.util.Base64Test" time="0">
    <skipped/>
  </testcase>
  <testcase name="testEncodeInteger" classname="org.apache.commons.net.util.Base64Test" time="0">
    <skipped/>
  </testcase>
  <testcase name="testBase64IntByteArray" classname="org.apache.commons.net.util.Base64Test" time="0"/>
  <testcase name="testEncodeBase64URLSafeString" classname="org.apache.commons.net.util.Base64Test" time="0">
    <skipped/>
  </testcase>
  <testcase name="testEncodeBase64ByteArrayBooleanBooleanInt" classname="org.apache.commons.net.util.Base64Test" time="0"/>
  <testcase name="testIsArrayByteBase64" classname="org.apache.commons.net.util.Base64Test" time="0"/>
  <testcase name="testDecodeByteArray" classname="org.apache.commons.net.util.Base64Test" time="0">
    <skipped/>
  </testcase>
  <testcase name="testToIntegerBytes" classname="org.apache.commons.net.util.Base64Test" time="0">
    <skipped/>
  </testcase>
  <testcase name="testBase64" classname="org.apache.commons.net.util.Base64Test" time="0"/>
  <testcase name="testEncodeToString" classname="org.apache.commons.net.util.Base64Test" time="0">
    <skipped/>
  </testcase>
  <testcase name="testEncodeBase64ByteArrayBooleanBoolean" classname="org.apache.commons.net.util.Base64Test" time="0">
    <skipped/>
  </testcase>
  <testcase name="testEncodeBase64StringUnChunked" classname="org.apache.commons.net.util.Base64Test" time="0">
    <skipped/>
  </testcase>
  <testcase name="testBase64IntByteArrayBoolean" classname="org.apache.commons.net.util.Base64Test" time="0"/>
</testsuite>