<?xml version="1.0" encoding="UTF-8"?>
<testsuite xmlns:xsi="http://www.w3.org/2001/XMLSchema-instance" xsi:noNamespaceSchemaLocation="https://maven.apache.org/surefire/maven-surefire-plugin/xsd/surefire-test-report-3.0.xsd" version="3.0" name="org.apache.commons.net.ntp.TestNtpClient" time="2.059" tests="4" errors="0" skipped="0" failures="0">
  <properties>
[...]
</properties>
  <testcase name="" classname="org.apache.commons.net.io.DotTerminatedMessageReaderTest" time="0"/>
  <testcase name="" classname="org.apache.commons.net.io.ToNetASCIIInputStreamTest" time="0"/>
  <testcase name="" classname="org.apache.commons.net.nntp.TestThreader" time="0"/>
  <testcase name="testGetTime" classname="org.apache.commons.net.ntp.TestNtpClient" time="0.028">
    <system-out><![CDATA[Running NTP service on port 58021/UDP
NTP packet from 127.0.0.1 mode=Client
]]></system-out>
  </testcase>
</testsuite>