[INFO] Scanning for projects...
[INFO] 
[INFO] -------------------< com.chrisnewland:jitwatch-core >-------------------
[INFO] Building JITWatch Core 1.4.7
[INFO] --------------------------------[ jar ]---------------------------------
[INFO] 
[INFO] --- maven-resources-plugin:3.0.2:resources (default-resources) @ jitwatch-core ---
[INFO] Using 'UTF-8' encoding to copy filtered resources.
[INFO] Copying 39 resources
[INFO] 
[INFO] --- maven-compiler-plugin:3.8.1:compile (default-compile) @ jitwatch-core ---
[INFO] Changes detected - recompiling the module!
[INFO] Compiling 180 source files to /mnt/c/Users/fujiwara yuma/evaluation/Ekstazi/jitwatch/workingDir/core/target/classes
[INFO] 
[INFO] --- maven-resources-plugin:3.0.2:testResources (default-testResources) @ jitwatch-core ---
[INFO] Using 'UTF-8' encoding to copy filtered resources.
[INFO] Copying 1 resource
[INFO] 
[INFO] --- maven-compiler-plugin:3.8.1:testCompile (default-testCompile) @ jitwatch-core ---
[INFO] Changes detected - recompiling the module!
[INFO] Compiling 39 source files to /mnt/c/Users/fujiwara yuma/evaluation/Ekstazi/jitwatch/workingDir/core/target/test-classes
[WARNING] /mnt/c/Users/fujiwara yuma/evaluation/Ekstazi/jitwatch/workingDir/core/src/test/java/org/adoptopenjdk/jitwatch/test/TestTagProcessor.java:[307,17] <T>assertThat(java.lang.String,T,org.hamcrest.Matcher<? super T>) in org.junit.Assert has been deprecated
[WARNING] /mnt/c/Users/fujiwara yuma/evaluation/Ekstazi/jitwatch/workingDir/core/src/test/java/org/adoptopenjdk/jitwatch/test/TestTagProcessor.java:[327,17] <T>assertThat(java.lang.String,T,org.hamcrest.Matcher<? super T>) in org.junit.Assert has been deprecated
[WARNING] /mnt/c/Users/fujiwara yuma/evaluation/Ekstazi/jitwatch/workingDir/core/src/test/java/org/adoptopenjdk/jitwatch/test/TestTagProcessor.java:[350,17] <T>assertThat(java.lang.String,T,org.hamcrest.Matcher<? super T>) in org.junit.Assert has been deprecated
[WARNING] /mnt/c/Users/fujiwara yuma/evaluation/Ekstazi/jitwatch/workingDir/core/src/test/java/org/adoptopenjdk/jitwatch/test/TestTagProcessor.java:[371,17] <T>assertThat(java.lang.String,T,org.hamcrest.Matcher<? super T>) in org.junit.Assert has been deprecated
[WARNING] /mnt/c/Users/fujiwara yuma/evaluation/Ekstazi/jitwatch/workingDir/core/src/test/java/org/adoptopenjdk/jitwatch/test/TestPackageManager.java:[49,9] <T>assertThat(T,org.hamcrest.Matcher<? super T>) in org.junit.Assert has been deprecated
[WARNING] /mnt/c/Users/fujiwara yuma/evaluation/Ekstazi/jitwatch/workingDir/core/src/test/java/org/adoptopenjdk/jitwatch/test/TestPackageManager.java:[70,9] <T>assertThat(T,org.hamcrest.Matcher<? super T>) in org.junit.Assert has been deprecated
[INFO] 
[INFO] --- maven-surefire-plugin:2.22.2:test (default-test) @ jitwatch-core ---
[INFO] 
[INFO] -------------------------------------------------------
[INFO]  T E S T S
[INFO] -------------------------------------------------------
[INFO] Running org.adoptopenjdk.jitwatch.test.TestAssemblyLabels
[INFO] Tests run: 0, Failures: 0, Errors: 0, Skipped: 0, Time elapsed: 0.068 s - in org.adoptopenjdk.jitwatch.test.TestAssemblyLabels
[INFO] Running org.adoptopenjdk.jitwatch.test.TestAssemblyParserARM
[INFO] Tests run: 0, Failures: 0, Errors: 0, Skipped: 0, Time elapsed: 0 s - in org.adoptopenjdk.jitwatch.test.TestAssemblyParserARM
[INFO] Running org.adoptopenjdk.jitwatch.test.TestAssemblyParserX86
[INFO] Tests run: 0, Failures: 0, Errors: 0, Skipped: 0, Time elapsed: 0.017 s - in org.adoptopenjdk.jitwatch.test.TestAssemblyParserX86
[INFO] Running org.adoptopenjdk.jitwatch.test.TestAssemblyProcessor
[INFO] Tests run: 12, Failures: 0, Errors: 0, Skipped: 0, Time elapsed: 0.406 s - in org.adoptopenjdk.jitwatch.test.TestAssemblyProcessor
[INFO] Running org.adoptopenjdk.jitwatch.test.TestBytecodeAnnotationBuilder
2023-12-21T08:44:11.368959Z ERR org.adoptopenjdk.jitwatch.util.ParseUtil ClassNotFoundException: 'EscapeTest$Wrapper1'
2023-12-21T08:44:11.372348400Z ERR org.adoptopenjdk.jitwatch.util.ParseUtil metaClass not found: EscapeTest$Wrapper1
2023-12-21T08:44:11.373030Z ERR org.adoptopenjdk.jitwatch.util.ParseUtil ClassNotFoundException: 'EscapeTest$Wrapper2'
2023-12-21T08:44:11.373129400Z ERR org.adoptopenjdk.jitwatch.util.ParseUtil metaClass not found: EscapeTest$Wrapper2
2023-12-21T08:44:11.373659700Z ERR org.adoptopenjdk.jitwatch.util.ParseUtil ClassNotFoundException: 'EscapeTest$Wrapper1'
2023-12-21T08:44:11.373752700Z ERR org.adoptopenjdk.jitwatch.util.ParseUtil metaClass not found: EscapeTest$Wrapper1
2023-12-21T08:44:11.407600Z ERR org.adoptopenjdk.jitwatch.util.ParseUtil ClassNotFoundException: 'EscapeTest$Wrapper1'
2023-12-21T08:44:11.407732500Z ERR org.adoptopenjdk.jitwatch.util.ParseUtil metaClass not found: EscapeTest$Wrapper1
2023-12-21T08:44:11.408277600Z ERR org.adoptopenjdk.jitwatch.util.ParseUtil ClassNotFoundException: 'EscapeTest$Wrapper2'
2023-12-21T08:44:11.408375100Z ERR org.adoptopenjdk.jitwatch.util.ParseUtil metaClass not found: EscapeTest$Wrapper2
2023-12-21T08:44:11.408888800Z ERR org.adoptopenjdk.jitwatch.util.ParseUtil ClassNotFoundException: 'EscapeTest$Wrapper1'
2023-12-21T08:44:11.408983800Z ERR org.adoptopenjdk.jitwatch.util.ParseUtil metaClass not found: EscapeTest$Wrapper1
2023-12-21T08:44:11.414512400Z WRN org.adoptopenjdk.jitwatch.parser.AbstractLogParser Didn't find compilation with ID null
[INFO] Tests run: 20, Failures: 0, Errors: 0, Skipped: 0, Time elapsed: 0.241 s - in org.adoptopenjdk.jitwatch.test.TestBytecodeAnnotationBuilder
[INFO] Running org.adoptopenjdk.jitwatch.test.TestBytecodeLoader
[INFO] Tests run: 0, Failures: 0, Errors: 0, Skipped: 0, Time elapsed: 0.013 s - in org.adoptopenjdk.jitwatch.test.TestBytecodeLoader
[INFO] Running org.adoptopenjdk.jitwatch.test.TestBytecodeLoaderWithInnerClasses
[INFO] Tests run: 0, Failures: 0, Errors: 0, Skipped: 0, Time elapsed: 0.003 s - in org.adoptopenjdk.jitwatch.test.TestBytecodeLoaderWithInnerClasses
[INFO] Running org.adoptopenjdk.jitwatch.test.TestCompilationUtil
[INFO] Tests run: 0, Failures: 0, Errors: 0, Skipped: 0, Time elapsed: 0.001 s - in org.adoptopenjdk.jitwatch.test.TestCompilationUtil
[INFO] Running org.adoptopenjdk.jitwatch.test.TestCompileChain
[INFO] Tests run: 0, Failures: 0, Errors: 0, Skipped: 0, Time elapsed: 0.001 s - in org.adoptopenjdk.jitwatch.test.TestCompileChain
[INFO] Running org.adoptopenjdk.jitwatch.test.TestCompositeObjectEquality
[INFO] Tests run: 0, Failures: 0, Errors: 0, Skipped: 0, Time elapsed: 0 s - in org.adoptopenjdk.jitwatch.test.TestCompositeObjectEquality
[INFO] Running org.adoptopenjdk.jitwatch.test.TestExecutionUtil
[INFO] Tests run: 0, Failures: 0, Errors: 0, Skipped: 0, Time elapsed: 0 s - in org.adoptopenjdk.jitwatch.test.TestExecutionUtil
[INFO] Running org.adoptopenjdk.jitwatch.test.TestHisto
[INFO] Tests run: 0, Failures: 0, Errors: 0, Skipped: 0, Time elapsed: 0 s - in org.adoptopenjdk.jitwatch.test.TestHisto
[INFO] Running org.adoptopenjdk.jitwatch.test.TestInnerClassRelationship
[INFO] Tests run: 0, Failures: 0, Errors: 0, Skipped: 0, Time elapsed: 0 s - in org.adoptopenjdk.jitwatch.test.TestInnerClassRelationship
[INFO] Running org.adoptopenjdk.jitwatch.test.TestIntrinsicFinder
[INFO] Tests run: 2, Failures: 0, Errors: 0, Skipped: 0, Time elapsed: 0.053 s - in org.adoptopenjdk.jitwatch.test.TestIntrinsicFinder
[INFO] Running org.adoptopenjdk.jitwatch.test.TestJ9Parser
[INFO] Tests run: 0, Failures: 0, Errors: 0, Skipped: 0, Time elapsed: 0.005 s - in org.adoptopenjdk.jitwatch.test.TestJ9Parser
[INFO] Running org.adoptopenjdk.jitwatch.test.TestJarScan
[INFO] Tests run: 0, Failures: 0, Errors: 0, Skipped: 0, Time elapsed: 0.003 s - in org.adoptopenjdk.jitwatch.test.TestJarScan
[INFO] Running org.adoptopenjdk.jitwatch.test.TestJITWatchConfig
[INFO] Tests run: 4, Failures: 0, Errors: 0, Skipped: 0, Time elapsed: 0.104 s - in org.adoptopenjdk.jitwatch.test.TestJITWatchConfig
[INFO] Running org.adoptopenjdk.jitwatch.test.TestLineTable
[INFO] Tests run: 0, Failures: 0, Errors: 0, Skipped: 0, Time elapsed: 0 s - in org.adoptopenjdk.jitwatch.test.TestLineTable
[INFO] Running org.adoptopenjdk.jitwatch.test.TestLocales
[INFO] Tests run: 0, Failures: 0, Errors: 0, Skipped: 0, Time elapsed: 0.002 s - in org.adoptopenjdk.jitwatch.test.TestLocales
[INFO] Running org.adoptopenjdk.jitwatch.test.TestLogSplitting
[INFO] Tests run: 3, Failures: 0, Errors: 0, Skipped: 0, Time elapsed: 0.182 s - in org.adoptopenjdk.jitwatch.test.TestLogSplitting
[INFO] Running org.adoptopenjdk.jitwatch.test.TestMemberBytecode
[INFO] Tests run: 0, Failures: 0, Errors: 0, Skipped: 0, Time elapsed: 0.007 s - in org.adoptopenjdk.jitwatch.test.TestMemberBytecode
[INFO] Running org.adoptopenjdk.jitwatch.test.TestMemberSignatureParts
[INFO] Tests run: 0, Failures: 0, Errors: 0, Skipped: 0, Time elapsed: 0.001 s - in org.adoptopenjdk.jitwatch.test.TestMemberSignatureParts
[INFO] Running org.adoptopenjdk.jitwatch.test.TestMetaClass
[INFO] Tests run: 0, Failures: 0, Errors: 0, Skipped: 0, Time elapsed: 0.001 s - in org.adoptopenjdk.jitwatch.test.TestMetaClass
[INFO] Running org.adoptopenjdk.jitwatch.test.TestOpcode
[INFO] Tests run: 0, Failures: 0, Errors: 0, Skipped: 0, Time elapsed: 0 s - in org.adoptopenjdk.jitwatch.test.TestOpcode
[INFO] Running org.adoptopenjdk.jitwatch.test.TestPackageManager
[INFO] Tests run: 0, Failures: 0, Errors: 0, Skipped: 0, Time elapsed: 0 s - in org.adoptopenjdk.jitwatch.test.TestPackageManager
[INFO] Running org.adoptopenjdk.jitwatch.test.TestParseUtil
[INFO] Tests run: 0, Failures: 0, Errors: 0, Skipped: 0, Time elapsed: 0.007 s - in org.adoptopenjdk.jitwatch.test.TestParseUtil
[INFO] Running org.adoptopenjdk.jitwatch.test.TestReport
[INFO] Tests run: 2, Failures: 0, Errors: 0, Skipped: 0, Time elapsed: 0.067 s - in org.adoptopenjdk.jitwatch.test.TestReport
[INFO] Running org.adoptopenjdk.jitwatch.test.TestResourceLoader
[INFO] Tests run: 0, Failures: 0, Errors: 0, Skipped: 0, Time elapsed: 0.012 s - in org.adoptopenjdk.jitwatch.test.TestResourceLoader
[INFO] Running org.adoptopenjdk.jitwatch.test.TestStringUtil
[INFO] Tests run: 0, Failures: 0, Errors: 0, Skipped: 0, Time elapsed: 0 s - in org.adoptopenjdk.jitwatch.test.TestStringUtil
[INFO] Running org.adoptopenjdk.jitwatch.test.TestTagProcessor
[INFO] Tests run: 0, Failures: 0, Errors: 0, Skipped: 0, Time elapsed: 0.006 s - in org.adoptopenjdk.jitwatch.test.TestTagProcessor
[INFO] Running org.adoptopenjdk.jitwatch.test.TestVmVersionDetector
[INFO] Tests run: 0, Failures: 0, Errors: 0, Skipped: 0, Time elapsed: 0 s - in org.adoptopenjdk.jitwatch.test.TestVmVersionDetector
[INFO] Running org.adoptopenjdk.jitwatch.test.TestZingParser
[INFO] Tests run: 10, Failures: 0, Errors: 0, Skipped: 0, Time elapsed: 0.048 s - in org.adoptopenjdk.jitwatch.test.TestZingParser
[INFO] 
[INFO] Results:
[INFO] 
[INFO] Tests run: 53, Failures: 0, Errors: 0, Skipped: 0
[INFO] 
[INFO] ------------------------------------------------------------------------
[INFO] BUILD SUCCESS
[INFO] ------------------------------------------------------------------------
[INFO] Total time:  10.703 s
[INFO] Finished at: 2023-12-21T17:44:12+09:00
[INFO] ------------------------------------------------------------------------
