<?xml version="1.0" encoding="UTF-8"?>
<testsuite xmlns:xsi="http://www.w3.org/2001/XMLSchema-instance" xsi:noNamespaceSchemaLocation="https://maven.apache.org/surefire/maven-surefire-plugin/xsd/surefire-test-report-3.0.xsd" version="3.0" name="org.apache.commons.jxpath.ri.compiler.CoreFunctionTest" time="0.074" tests="5" errors="0" skipped="0" failures="0">
  <properties>
[...]
</properties>
  <testcase name="testIDFunction" classname="org.apache.commons.jxpath.ri.compiler.CoreFunctionTest" time="0.012"/>
  <testcase name="testExtendedKeyFunction" classname="org.apache.commons.jxpath.ri.compiler.CoreFunctionTest" time="0.015"/>
  <testcase name="testKeyFunction" classname="org.apache.commons.jxpath.ri.compiler.CoreFunctionTest" time="0.007"/>
  <testcase name="testFormatNumberFunction" classname="org.apache.commons.jxpath.ri.compiler.CoreFunctionTest" time="0.024"/>
  <testcase name="testCoreFunctions" classname="org.apache.commons.jxpath.ri.compiler.CoreFunctionTest" time="0.015"/>
</testsuite>