<?xml version="1.0" encoding="UTF-8" standalone="yes"?><!DOCTYPE report PUBLIC "-//JACOCO//DTD Report 1.1//EN" "report.dtd"><report name="Jackson-dataformat-XML"><sessioninfo id="DESKTOP-RECEI0P-e1ade989" start="1702527173016" dump="1702527178189"/><sessioninfo id="DESKTOP-RECEI0P-c2001572" start="1702527199802" dump="1702527205158"/><sessioninfo id="DESKTOP-RECEI0P-b47004f5" start="1702527227773" dump="1702527233217"/><sessioninfo id="DESKTOP-RECEI0P-e763a3b" start="1702527254973" dump="1702527260151"/><sessioninfo id="DESKTOP-RECEI0P-23c94f92" start="1702527281615" dump="1702527286682"/><sessioninfo id="DESKTOP-RECEI0P-eb1780c8" start="1702527309298" dump="1702527314714"/><sessioninfo id="DESKTOP-RECEI0P-bf6cbb91" start="1702527361497" dump="1702527367111"/><sessioninfo id="DESKTOP-RECEI0P-9dee0ef2" start="1702527458314" dump="1702527463998"/><sessioninfo id="DESKTOP-RECEI0P-ed34ce7" start="1702527558717" dump="1702527566212"/><sessioninfo id="DESKTOP-RECEI0P-cab1fac2" start="1702528214235" dump="1702528220058"/><sessioninfo id="DESKTOP-RECEI0P-73fc24cb" start="1702528308665" dump="1702528314432"/><sessioninfo id="DESKTOP-RECEI0P-778e4662" start="1702528402386" dump="1702528407867"/><sessioninfo id="DESKTOP-RECEI0P-4d78f0af" start="1702528497105" dump="1702528502717"/><sessioninfo id="DESKTOP-RECEI0P-28d26b2f" start="1702528598510" dump="1702528605724"/><sessioninfo id="DESKTOP-RECEI0P-1a794573" start="1702528697638" dump="1702528703260"/><sessioninfo id="DESKTOP-RECEI0P-8373cd9b" start="1702528800621" dump="1702528806555"/><sessioninfo id="DESKTOP-RECEI0P-2a791b32" start="1702528895529" dump="1702528901259"/><sessioninfo id="DESKTOP-RECEI0P-de48e9e3" start="1702528990462" dump="1702528996248"/><sessioninfo id="DESKTOP-RECEI0P-d0eaea72" start="1702529087089" dump="1702529092763"/><sessioninfo id="DESKTOP-RECEI0P-46e0962f" start="1702529189879" dump="1702529195860"/><sessioninfo id="DESKTOP-RECEI0P-9ac58cab" start="1702529287581" dump="1702529293194"/><sessioninfo id="DESKTOP-RECEI0P-207f0f70" start="1702530153374" dump="1702530158805"/><sessioninfo id="DESKTOP-RECEI0P-f3acd2d9" start="1702530270746" dump="1702530275866"/><sessioninfo id="DESKTOP-RECEI0P-17d32a0f" start="1702530388634" dump="1702530394448"/><sessioninfo id="DESKTOP-RECEI0P-93bb7c28" start="1702530516766" dump="1702530521876"/><sessioninfo id="DESKTOP-RECEI0P-9c3476f" start="1702530555507" dump="1702530561561"/><sessioninfo id="DESKTOP-RECEI0P-3e04ff8b" start="1702530594294" dump="1702530600171"/><sessioninfo id="DESKTOP-RECEI0P-7bbd3872" start="1702530622677" dump="1702530629373"/><sessioninfo id="DESKTOP-RECEI0P-53ccb7f3" start="1702530650476" dump="1702530657465"/><sessioninfo id="DESKTOP-RECEI0P-9d565378" start="1702530678284" dump="1702530684357"/><package name="com/fasterxml/jackson/dataformat/xml/ser"><class name="com/fasterxml/jackson/dataformat/xml/ser/XmlBeanSerializerModifier" sourcefilename="XmlBeanSerializerModifier.java"><method name="&lt;init&gt;" desc="()V" line="24"><counter type="INSTRUCTION" missed="0" covered="3"/><counter type="LINE" missed="0" covered="1"/><counter type="COMPLEXITY" missed="0" covered="1"/><counter type="METHOD" missed="0" covered="1"/></method><method name="changeProperties" desc="(Lcom/fasterxml/jackson/databind/SerializationConfig;Lcom/fasterxml/jackson/databind/BeanDescription;Ljava/util/List;)Ljava/util/List;" line="40"><counter type="INSTRUCTION" missed="0" covered="93"/><counter type="BRANCH" missed="1" covered="11"/><counter type="LINE" missed="0" covered="20"/><counter type="COMPLEXITY" missed="1" covered="6"/><counter type="METHOD" missed="0" covered="1"/></method><method name="modifySerializer" desc="(Lcom/fasterxml/jackson/databind/SerializationConfig;Lcom/fasterxml/jackson/databind/BeanDescription;Lcom/fasterxml/jackson/databind/JsonSerializer;)Lcom/fasterxml/jackson/databind/JsonSerializer;" line="82"><counter type="INSTRUCTION" missed="0" covered="11"/><counter type="BRANCH" missed="0" covered="2"/><counter type="LINE" missed="0" covered="3"/><counter type="COMPLEXITY" missed="0" covered="2"/><counter type="METHOD" missed="0" covered="1"/></method><counter type="INSTRUCTION" missed="0" covered="107"/><counter type="BRANCH" missed="1" covered="13"/><counter type="LINE" missed="0" covered="24"/><counter type="COMPLEXITY" missed="1" covered="9"/><counter type="METHOD" missed="0" covered="3"/><counter type="CLASS" missed="0" covered="1"/></class><class name="com/fasterxml/jackson/dataformat/xml/ser/XmlBeanSerializerBase" sourcefilename="XmlBeanSerializerBase.java"><method name="&lt;init&gt;" desc="(Lcom/fasterxml/jackson/databind/ser/std/BeanSerializerBase;)V" line="64"><counter type="INSTRUCTION" missed="2" covered="128"/><counter type="BRANCH" missed="3" covered="17"/><counter type="LINE" missed="0" covered="28"/><counter type="COMPLEXITY" missed="3" covered="8"/><counter type="METHOD" missed="0" covered="1"/></method><method name="&lt;init&gt;" desc="(Lcom/fasterxml/jackson/dataformat/xml/ser/XmlBeanSerializerBase;Lcom/fasterxml/jackson/databind/ser/impl/ObjectIdWriter;)V" line="110"><counter type="INSTRUCTION" missed="21" covered="0"/><counter type="LINE" missed="6" covered="0"/><counter type="COMPLEXITY" missed="1" covered="0"/><counter type="METHOD" missed="1" covered="0"/></method><method name="&lt;init&gt;" desc="(Lcom/fasterxml/jackson/dataformat/xml/ser/XmlBeanSerializerBase;Lcom/fasterxml/jackson/databind/ser/impl/ObjectIdWriter;Ljava/lang/Object;)V" line="119"><counter type="INSTRUCTION" missed="0" covered="22"/><counter type="LINE" missed="0" covered="6"/><counter type="COMPLEXITY" missed="0" covered="1"/><counter type="METHOD" missed="0" covered="1"/></method><method name="&lt;init&gt;" desc="(Lcom/fasterxml/jackson/dataformat/xml/ser/XmlBeanSerializerBase;Ljava/util/Set;Ljava/util/Set;)V" line="129"><counter type="INSTRUCTION" missed="22" covered="0"/><counter type="LINE" missed="6" covered="0"/><counter type="COMPLEXITY" missed="1" covered="0"/><counter type="METHOD" missed="1" covered="0"/></method><method name="&lt;init&gt;" desc="(Lcom/fasterxml/jackson/dataformat/xml/ser/XmlBeanSerializerBase;Lcom/fasterxml/jackson/databind/util/NameTransformer;)V" line="138"><counter type="INSTRUCTION" missed="0" covered="21"/><counter type="LINE" missed="0" covered="6"/><counter type="COMPLEXITY" missed="0" covered="1"/><counter type="METHOD" missed="0" covered="1"/></method><method name="&lt;init&gt;" desc="(Lcom/fasterxml/jackson/dataformat/xml/ser/XmlBeanSerializerBase;[Lcom/fasterxml/jackson/databind/ser/BeanPropertyWriter;[Lcom/fasterxml/jackson/databind/ser/BeanPropertyWriter;)V" line="148"><counter type="INSTRUCTION" missed="22" covered="0"/><counter type="LINE" missed="6" covered="0"/><counter type="COMPLEXITY" missed="1" covered="0"/><counter type="METHOD" missed="1" covered="0"/></method><method name="serializeFields" desc="(Ljava/lang/Object;Lcom/fasterxml/jackson/core/JsonGenerator;Lcom/fasterxml/jackson/databind/SerializerProvider;)V" line="171"><counter type="INSTRUCTION" missed="44" covered="126"/><counter type="BRANCH" missed="7" covered="25"/><counter type="LINE" missed="8" covered="35"/><counter type="COMPLEXITY" missed="5" covered="12"/><counter type="METHOD" missed="0" covered="1"/></method><method name="serializeFieldsFiltered" desc="(Ljava/lang/Object;Lcom/fasterxml/jackson/core/JsonGenerator;Lcom/fasterxml/jackson/databind/SerializerProvider;)V" line="245"><counter type="INSTRUCTION" missed="94" covered="95"/><counter type="BRANCH" missed="17" covered="17"/><counter type="LINE" missed="18" covered="29"/><counter type="COMPLEXITY" missed="12" covered="6"/><counter type="METHOD" missed="0" covered="1"/></method><method name="serializeWithType" desc="(Ljava/lang/Object;Lcom/fasterxml/jackson/core/JsonGenerator;Lcom/fasterxml/jackson/databind/SerializerProvider;Lcom/fasterxml/jackson/databind/jsontype/TypeSerializer;)V" line="326"><counter type="INSTRUCTION" missed="0" covered="40"/><counter type="BRANCH" missed="0" covered="6"/><counter type="LINE" missed="0" covered="12"/><counter type="COMPLEXITY" missed="0" covered="4"/><counter type="METHOD" missed="0" covered="1"/></method><method name="_serializeObjectId" desc="(Ljava/lang/Object;Lcom/fasterxml/jackson/core/JsonGenerator;Lcom/fasterxml/jackson/databind/SerializerProvider;Lcom/fasterxml/jackson/databind/jsontype/TypeSerializer;Lcom/fasterxml/jackson/databind/ser/impl/WritableObjectId;)V" line="350"><counter type="INSTRUCTION" missed="7" covered="25"/><counter type="BRANCH" missed="2" covered="2"/><counter type="LINE" missed="1" covered="8"/><counter type="COMPLEXITY" missed="2" covered="1"/><counter type="METHOD" missed="0" covered="1"/></method><method name="_isAttribute" desc="(Lcom/fasterxml/jackson/databind/ser/BeanPropertyWriter;)Z" line="370"><counter type="INSTRUCTION" missed="0" covered="14"/><counter type="BRANCH" missed="1" covered="3"/><counter type="LINE" missed="0" covered="2"/><counter type="COMPLEXITY" missed="1" covered="2"/><counter type="METHOD" missed="0" covered="1"/></method><method name="_isCData" desc="(Lcom/fasterxml/jackson/databind/ser/BeanPropertyWriter;)Z" line="376"><counter type="INSTRUCTION" missed="0" covered="14"/><counter type="BRANCH" missed="1" covered="3"/><counter type="LINE" missed="0" covered="2"/><counter type="COMPLEXITY" missed="1" covered="2"/><counter type="METHOD" missed="0" covered="1"/></method><method name="_orderAttributesFirst" desc="([Lcom/fasterxml/jackson/databind/ser/BeanPropertyWriter;[Lcom/fasterxml/jackson/databind/ser/BeanPropertyWriter;)I" line="387"><counter type="INSTRUCTION" missed="16" covered="43"/><counter type="BRANCH" missed="1" covered="7"/><counter type="LINE" missed="3" covered="12"/><counter type="COMPLEXITY" missed="1" covered="4"/><counter type="METHOD" missed="0" covered="1"/></method><method name="&lt;clinit&gt;" desc="()V" line="35"><counter type="INSTRUCTION" missed="0" covered="6"/><counter type="LINE" missed="0" covered="1"/><counter type="COMPLEXITY" missed="0" covered="1"/><counter type="METHOD" missed="0" covered="1"/></method><counter type="INSTRUCTION" missed="228" covered="534"/><counter type="BRANCH" missed="32" covered="80"/><counter type="LINE" missed="48" covered="141"/><counter type="COMPLEXITY" missed="28" covered="42"/><counter type="METHOD" missed="3" covered="11"/><counter type="CLASS" missed="0" covered="1"/></class><class name="com/fasterxml/jackson/dataformat/xml/ser/XmlBeanPropertyWriter" sourcefilename="XmlBeanPropertyWriter.java"><method name="&lt;init&gt;" desc="(Lcom/fasterxml/jackson/databind/ser/BeanPropertyWriter;Lcom/fasterxml/jackson/databind/PropertyName;Lcom/fasterxml/jackson/databind/PropertyName;)V" line="43"><counter type="INSTRUCTION" missed="0" covered="7"/><counter type="LINE" missed="0" covered="2"/><counter type="COMPLEXITY" missed="0" covered="1"/><counter type="METHOD" missed="0" covered="1"/></method><method name="&lt;init&gt;" desc="(Lcom/fasterxml/jackson/databind/ser/BeanPropertyWriter;Lcom/fasterxml/jackson/databind/PropertyName;Lcom/fasterxml/jackson/databind/PropertyName;Lcom/fasterxml/jackson/databind/JsonSerializer;)V" line="50"><counter type="INSTRUCTION" missed="3" covered="16"/><counter type="BRANCH" missed="1" covered="1"/><counter type="LINE" missed="1" covered="5"/><counter type="COMPLEXITY" missed="1" covered="1"/><counter type="METHOD" missed="0" covered="1"/></method><method name="_qname" desc="(Lcom/fasterxml/jackson/databind/PropertyName;)Ljavax/xml/namespace/QName;" line="61"><counter type="INSTRUCTION" missed="0" covered="14"/><counter type="BRANCH" missed="0" covered="2"/><counter type="LINE" missed="0" covered="4"/><counter type="COMPLEXITY" missed="0" covered="2"/><counter type="METHOD" missed="0" covered="1"/></method><method name="serializeAsField" desc="(Ljava/lang/Object;Lcom/fasterxml/jackson/core/JsonGenerator;Lcom/fasterxml/jackson/databind/SerializerProvider;)V" line="82"><counter type="INSTRUCTION" missed="31" covered="74"/><counter type="BRANCH" missed="11" covered="15"/><counter type="LINE" missed="8" covered="21"/><counter type="COMPLEXITY" missed="7" covered="7"/><counter type="METHOD" missed="0" covered="1"/></method><counter type="INSTRUCTION" missed="34" covered="111"/><counter type="BRANCH" missed="12" covered="18"/><counter type="LINE" missed="9" covered="32"/><counter type="COMPLEXITY" missed="8" covered="11"/><counter type="METHOD" missed="0" covered="4"/><counter type="CLASS" missed="0" covered="1"/></class><class name="com/fasterxml/jackson/dataformat/xml/ser/ToXmlGenerator" sourcefilename="ToXmlGenerator.java"><method name="&lt;init&gt;" desc="(Lcom/fasterxml/jackson/core/io/IOContext;IILcom/fasterxml/jackson/core/ObjectCodec;Ljavax/xml/stream/XMLStreamWriter;Lcom/fasterxml/jackson/dataformat/xml/XmlNameProcessor;)V" line="184"><counter type="INSTRUCTION" missed="4" covered="61"/><counter type="BRANCH" missed="1" covered="3"/><counter type="LINE" missed="0" covered="16"/><counter type="COMPLEXITY" missed="1" covered="2"/><counter type="METHOD" missed="0" covered="1"/></method><method name="initGenerator" desc="()V" line="245"><counter type="INSTRUCTION" missed="5" covered="43"/><counter type="BRANCH" missed="1" covered="9"/><counter type="LINE" missed="2" covered="13"/><counter type="COMPLEXITY" missed="1" covered="5"/><counter type="METHOD" missed="0" covered="1"/></method><method name="_constructDefaultPrettyPrinter" desc="()Lcom/fasterxml/jackson/core/PrettyPrinter;" line="277"><counter type="INSTRUCTION" missed="4" covered="0"/><counter type="LINE" missed="1" covered="0"/><counter type="COMPLEXITY" missed="1" covered="0"/><counter type="METHOD" missed="1" covered="0"/></method><method name="setPrettyPrinter" desc="(Lcom/fasterxml/jackson/core/PrettyPrinter;)Lcom/fasterxml/jackson/core/JsonGenerator;" line="282"><counter type="INSTRUCTION" missed="1" covered="13"/><counter type="BRANCH" missed="1" covered="1"/><counter type="LINE" missed="0" covered="4"/><counter type="COMPLEXITY" missed="1" covered="1"/><counter type="METHOD" missed="0" covered="1"/></method><method name="getOutputTarget" desc="()Ljava/lang/Object;" line="292"><counter type="INSTRUCTION" missed="3" covered="0"/><counter type="LINE" missed="1" covered="0"/><counter type="COMPLEXITY" missed="1" covered="0"/><counter type="METHOD" missed="1" covered="0"/></method><method name="getOutputBuffered" desc="()I" line="301"><counter type="INSTRUCTION" missed="2" covered="0"/><counter type="LINE" missed="1" covered="0"/><counter type="COMPLEXITY" missed="1" covered="0"/><counter type="METHOD" missed="1" covered="0"/></method><method name="getFormatFeatures" desc="()I" line="306"><counter type="INSTRUCTION" missed="3" covered="0"/><counter type="LINE" missed="1" covered="0"/><counter type="COMPLEXITY" missed="1" covered="0"/><counter type="METHOD" missed="1" covered="0"/></method><method name="overrideFormatFeatures" desc="(II)Lcom/fasterxml/jackson/core/JsonGenerator;" line="312"><counter type="INSTRUCTION" missed="0" covered="22"/><counter type="BRANCH" missed="0" covered="2"/><counter type="LINE" missed="0" covered="5"/><counter type="COMPLEXITY" missed="0" covered="2"/><counter type="METHOD" missed="0" covered="1"/></method><method name="streamWriteConstraints" desc="()Lcom/fasterxml/jackson/core/StreamWriteConstraints;" line="329"><counter type="INSTRUCTION" missed="0" covered="3"/><counter type="LINE" missed="0" covered="1"/><counter type="COMPLEXITY" missed="0" covered="1"/><counter type="METHOD" missed="0" covered="1"/></method><method name="enable" desc="(Lcom/fasterxml/jackson/dataformat/xml/ser/ToXmlGenerator$Feature;)Lcom/fasterxml/jackson/dataformat/xml/ser/ToXmlGenerator;" line="333"><counter type="INSTRUCTION" missed="9" covered="0"/><counter type="LINE" missed="2" covered="0"/><counter type="COMPLEXITY" missed="1" covered="0"/><counter type="METHOD" missed="1" covered="0"/></method><method name="disable" desc="(Lcom/fasterxml/jackson/dataformat/xml/ser/ToXmlGenerator$Feature;)Lcom/fasterxml/jackson/dataformat/xml/ser/ToXmlGenerator;" line="338"><counter type="INSTRUCTION" missed="11" covered="0"/><counter type="LINE" missed="2" covered="0"/><counter type="COMPLEXITY" missed="1" covered="0"/><counter type="METHOD" missed="1" covered="0"/></method><method name="isEnabled" desc="(Lcom/fasterxml/jackson/dataformat/xml/ser/ToXmlGenerator$Feature;)Z" line="343"><counter type="INSTRUCTION" missed="0" covered="10"/><counter type="BRANCH" missed="0" covered="2"/><counter type="LINE" missed="0" covered="1"/><counter type="COMPLEXITY" missed="0" covered="2"/><counter type="METHOD" missed="0" covered="1"/></method><method name="configure" desc="(Lcom/fasterxml/jackson/dataformat/xml/ser/ToXmlGenerator$Feature;Z)Lcom/fasterxml/jackson/dataformat/xml/ser/ToXmlGenerator;" line="347"><counter type="INSTRUCTION" missed="13" covered="0"/><counter type="BRANCH" missed="2" covered="0"/><counter type="LINE" missed="4" covered="0"/><counter type="COMPLEXITY" missed="2" covered="0"/><counter type="METHOD" missed="1" covered="0"/></method><method name="canWriteFormattedNumbers" desc="()Z" line="356"><counter type="INSTRUCTION" missed="2" covered="0"/><counter type="LINE" missed="1" covered="0"/><counter type="COMPLEXITY" missed="1" covered="0"/><counter type="METHOD" missed="1" covered="0"/></method><method name="getWriteCapabilities" desc="()Lcom/fasterxml/jackson/core/util/JacksonFeatureSet;" line="360"><counter type="INSTRUCTION" missed="2" covered="0"/><counter type="LINE" missed="1" covered="0"/><counter type="COMPLEXITY" missed="1" covered="0"/><counter type="METHOD" missed="1" covered="0"/></method><method name="inRoot" desc="()Z" line="365"><counter type="INSTRUCTION" missed="0" covered="4"/><counter type="LINE" missed="0" covered="1"/><counter type="COMPLEXITY" missed="0" covered="1"/><counter type="METHOD" missed="0" covered="1"/></method><method name="getStaxWriter" desc="()Ljavax/xml/stream/XMLStreamWriter;" line="385"><counter type="INSTRUCTION" missed="0" covered="3"/><counter type="LINE" missed="0" covered="1"/><counter type="COMPLEXITY" missed="0" covered="1"/><counter type="METHOD" missed="0" covered="1"/></method><method name="setNextIsAttribute" desc="(Z)V" line="396"><counter type="INSTRUCTION" missed="0" covered="4"/><counter type="LINE" missed="0" covered="2"/><counter type="COMPLEXITY" missed="0" covered="1"/><counter type="METHOD" missed="0" covered="1"/></method><method name="setNextIsUnwrapped" desc="(Z)V" line="401"><counter type="INSTRUCTION" missed="0" covered="4"/><counter type="LINE" missed="0" covered="2"/><counter type="COMPLEXITY" missed="0" covered="1"/><counter type="METHOD" missed="0" covered="1"/></method><method name="setNextIsCData" desc="(Z)V" line="406"><counter type="INSTRUCTION" missed="0" covered="4"/><counter type="LINE" missed="0" covered="2"/><counter type="COMPLEXITY" missed="0" covered="1"/><counter type="METHOD" missed="0" covered="1"/></method><method name="setNextName" desc="(Ljavax/xml/namespace/QName;)V" line="411"><counter type="INSTRUCTION" missed="0" covered="4"/><counter type="LINE" missed="0" covered="2"/><counter type="COMPLEXITY" missed="0" covered="1"/><counter type="METHOD" missed="0" covered="1"/></method><method name="setNextNameIfMissing" desc="(Ljavax/xml/namespace/QName;)Z" line="422"><counter type="INSTRUCTION" missed="0" covered="10"/><counter type="BRANCH" missed="0" covered="2"/><counter type="LINE" missed="0" covered="4"/><counter type="COMPLEXITY" missed="0" covered="2"/><counter type="METHOD" missed="0" covered="1"/></method><method name="startWrappedValue" desc="(Ljavax/xml/namespace/QName;Ljavax/xml/namespace/QName;)V" line="439"><counter type="INSTRUCTION" missed="5" covered="27"/><counter type="BRANCH" missed="1" covered="3"/><counter type="LINE" missed="2" covered="8"/><counter type="COMPLEXITY" missed="1" covered="2"/><counter type="METHOD" missed="0" covered="1"/></method><method name="finishWrappedValue" desc="(Ljavax/xml/namespace/QName;Ljavax/xml/namespace/QName;)V" line="460"><counter type="INSTRUCTION" missed="5" covered="19"/><counter type="BRANCH" missed="1" covered="3"/><counter type="LINE" missed="2" covered="6"/><counter type="COMPLEXITY" missed="1" covered="2"/><counter type="METHOD" missed="0" covered="1"/></method><method name="writeRepeatedFieldName" desc="()V" line="480"><counter type="INSTRUCTION" missed="12" covered="0"/><counter type="BRANCH" missed="2" covered="0"/><counter type="LINE" missed="3" covered="0"/><counter type="COMPLEXITY" missed="2" covered="0"/><counter type="METHOD" missed="1" covered="0"/></method><method name="writeFieldName" desc="(Ljava/lang/String;)V" line="498"><counter type="INSTRUCTION" missed="5" covered="38"/><counter type="BRANCH" missed="2" covered="2"/><counter type="LINE" missed="1" covered="7"/><counter type="COMPLEXITY" missed="2" covered="1"/><counter type="METHOD" missed="0" covered="1"/></method><method name="writeStringField" desc="(Ljava/lang/String;Ljava/lang/String;)V" line="512"><counter type="INSTRUCTION" missed="0" covered="7"/><counter type="LINE" missed="0" covered="3"/><counter type="COMPLEXITY" missed="0" covered="1"/><counter type="METHOD" missed="0" covered="1"/></method><method name="writeStartArray" desc="()V" line="545"><counter type="INSTRUCTION" missed="0" covered="22"/><counter type="BRANCH" missed="0" covered="2"/><counter type="LINE" missed="0" covered="6"/><counter type="COMPLEXITY" missed="0" covered="2"/><counter type="METHOD" missed="0" covered="1"/></method><method name="writeEndArray" desc="()V" line="558"><counter type="INSTRUCTION" missed="12" covered="20"/><counter type="BRANCH" missed="1" covered="3"/><counter type="LINE" missed="1" covered="5"/><counter type="COMPLEXITY" missed="1" covered="2"/><counter type="METHOD" missed="0" covered="1"/></method><method name="writeStartObject" desc="()V" line="572"><counter type="INSTRUCTION" missed="0" covered="25"/><counter type="BRANCH" missed="0" covered="2"/><counter type="LINE" missed="0" covered="7"/><counter type="COMPLEXITY" missed="0" covered="2"/><counter type="METHOD" missed="0" covered="1"/></method><method name="writeEndObject" desc="()V" line="585"><counter type="INSTRUCTION" missed="12" covered="30"/><counter type="BRANCH" missed="1" covered="5"/><counter type="LINE" missed="1" covered="8"/><counter type="COMPLEXITY" missed="1" covered="3"/><counter type="METHOD" missed="0" covered="1"/></method><method name="_handleStartObject" desc="()V" line="601"><counter type="INSTRUCTION" missed="7" covered="19"/><counter type="BRANCH" missed="1" covered="1"/><counter type="LINE" missed="3" covered="5"/><counter type="COMPLEXITY" missed="1" covered="1"/><counter type="METHOD" missed="0" covered="1"/></method><method name="_handleEndObject" desc="()V" line="617"><counter type="INSTRUCTION" missed="11" covered="33"/><counter type="BRANCH" missed="2" covered="6"/><counter type="LINE" missed="3" covered="9"/><counter type="COMPLEXITY" missed="2" covered="3"/><counter type="METHOD" missed="0" covered="1"/></method><method name="writeFieldName" desc="(Lcom/fasterxml/jackson/core/SerializableString;)V" line="646"><counter type="INSTRUCTION" missed="0" covered="5"/><counter type="LINE" missed="0" covered="2"/><counter type="COMPLEXITY" missed="0" covered="1"/><counter type="METHOD" missed="0" covered="1"/></method><method name="writeString" desc="(Ljava/lang/String;)V" line="652"><counter type="INSTRUCTION" missed="12" covered="80"/><counter type="BRANCH" missed="2" covered="12"/><counter type="LINE" missed="4" covered="20"/><counter type="COMPLEXITY" missed="2" covered="6"/><counter type="METHOD" missed="0" covered="1"/></method><method name="writeString" desc="([CII)V" line="693"><counter type="INSTRUCTION" missed="102" covered="0"/><counter type="BRANCH" missed="12" covered="0"/><counter type="LINE" missed="21" covered="0"/><counter type="COMPLEXITY" missed="7" covered="0"/><counter type="METHOD" missed="1" covered="0"/></method><method name="writeString" desc="(Lcom/fasterxml/jackson/core/SerializableString;)V" line="727"><counter type="INSTRUCTION" missed="0" covered="5"/><counter type="LINE" missed="0" covered="2"/><counter type="COMPLEXITY" missed="0" covered="1"/><counter type="METHOD" missed="0" covered="1"/></method><method name="writeRawUTF8String" desc="([BII)V" line="734"><counter type="INSTRUCTION" missed="3" covered="0"/><counter type="LINE" missed="2" covered="0"/><counter type="COMPLEXITY" missed="1" covered="0"/><counter type="METHOD" missed="1" covered="0"/></method><method name="writeUTF8String" desc="([BII)V" line="741"><counter type="INSTRUCTION" missed="3" covered="0"/><counter type="LINE" missed="2" covered="0"/><counter type="COMPLEXITY" missed="1" covered="0"/><counter type="METHOD" missed="1" covered="0"/></method><method name="writeRawValue" desc="(Ljava/lang/String;)V" line="753"><counter type="INSTRUCTION" missed="10" covered="49"/><counter type="BRANCH" missed="2" covered="6"/><counter type="LINE" missed="4" covered="12"/><counter type="COMPLEXITY" missed="2" covered="3"/><counter type="METHOD" missed="0" covered="1"/></method><method name="writeRawValue" desc="(Ljava/lang/String;II)V" line="779"><counter type="INSTRUCTION" missed="10" covered="58"/><counter type="BRANCH" missed="2" covered="6"/><counter type="LINE" missed="4" covered="12"/><counter type="COMPLEXITY" missed="2" covered="3"/><counter type="METHOD" missed="0" covered="1"/></method><method name="writeRawValue" desc="([CII)V" line="805"><counter type="INSTRUCTION" missed="10" covered="58"/><counter type="BRANCH" missed="2" covered="6"/><counter type="LINE" missed="4" covered="12"/><counter type="COMPLEXITY" missed="2" covered="3"/><counter type="METHOD" missed="0" covered="1"/></method><method name="writeRawValue" desc="(Lcom/fasterxml/jackson/core/SerializableString;)V" line="829"><counter type="INSTRUCTION" missed="3" covered="0"/><counter type="LINE" missed="2" covered="0"/><counter type="COMPLEXITY" missed="1" covered="0"/><counter type="METHOD" missed="1" covered="0"/></method><method name="writeRaw" desc="(Ljava/lang/String;)V" line="836"><counter type="INSTRUCTION" missed="8" covered="9"/><counter type="BRANCH" missed="1" covered="1"/><counter type="LINE" missed="3" covered="4"/><counter type="COMPLEXITY" missed="1" covered="1"/><counter type="METHOD" missed="0" covered="1"/></method><method name="writeRaw" desc="(Ljava/lang/String;II)V" line="850"><counter type="INSTRUCTION" missed="19" covered="0"/><counter type="BRANCH" missed="2" covered="0"/><counter type="LINE" missed="7" covered="0"/><counter type="COMPLEXITY" missed="2" covered="0"/><counter type="METHOD" missed="1" covered="0"/></method><method name="writeRaw" desc="([CII)V" line="864"><counter type="INSTRUCTION" missed="8" covered="11"/><counter type="BRANCH" missed="1" covered="1"/><counter type="LINE" missed="3" covered="4"/><counter type="COMPLEXITY" missed="1" covered="1"/><counter type="METHOD" missed="0" covered="1"/></method><method name="writeRaw" desc="(C)V" line="877"><counter type="INSTRUCTION" missed="5" covered="0"/><counter type="LINE" missed="2" covered="0"/><counter type="COMPLEXITY" missed="1" covered="0"/><counter type="METHOD" missed="1" covered="0"/></method><method name="writeBinary" desc="(Lcom/fasterxml/jackson/core/Base64Variant;[BII)V" line="890"><counter type="INSTRUCTION" missed="37" covered="57"/><counter type="BRANCH" missed="4" covered="6"/><counter type="LINE" missed="9" covered="14"/><counter type="COMPLEXITY" missed="4" covered="2"/><counter type="METHOD" missed="0" covered="1"/></method><method name="writeBinary" desc="(Lcom/fasterxml/jackson/core/Base64Variant;Ljava/io/InputStream;I)I" line="927"><counter type="INSTRUCTION" missed="54" covered="40"/><counter type="BRANCH" missed="5" covered="5"/><counter type="LINE" missed="12" covered="12"/><counter type="COMPLEXITY" missed="5" covered="1"/><counter type="METHOD" missed="0" covered="1"/></method><method name="writeStreamAsBinary" desc="(Lorg/codehaus/stax2/typed/Base64Variant;Ljava/io/InputStream;I)V" line="968"><counter type="INSTRUCTION" missed="0" covered="51"/><counter type="BRANCH" missed="0" covered="8"/><counter type="LINE" missed="0" covered="13"/><counter type="COMPLEXITY" missed="0" covered="5"/><counter type="METHOD" missed="0" covered="1"/></method><method name="toFullBuffer" desc="([BII)[B" line="992"><counter type="INSTRUCTION" missed="21" covered="0"/><counter type="BRANCH" missed="6" covered="0"/><counter type="LINE" missed="6" covered="0"/><counter type="COMPLEXITY" missed="4" covered="0"/><counter type="METHOD" missed="1" covered="0"/></method><method name="toFullBuffer" desc="(Ljava/io/InputStream;I)[B" line="1004"><counter type="INSTRUCTION" missed="43" covered="0"/><counter type="BRANCH" missed="4" covered="0"/><counter type="LINE" missed="9" covered="0"/><counter type="COMPLEXITY" missed="3" covered="0"/><counter type="METHOD" missed="1" covered="0"/></method><method name="writeBoolean" desc="(Z)V" line="1026"><counter type="INSTRUCTION" missed="37" covered="33"/><counter type="BRANCH" missed="4" covered="4"/><counter type="LINE" missed="7" covered="10"/><counter type="COMPLEXITY" missed="4" covered="1"/><counter type="METHOD" missed="0" covered="1"/></method><method name="writeNull" desc="()V" line="1055"><counter type="INSTRUCTION" missed="8" covered="84"/><counter type="BRANCH" missed="3" covered="11"/><counter type="LINE" missed="3" covered="18"/><counter type="COMPLEXITY" missed="3" covered="5"/><counter type="METHOD" missed="0" covered="1"/></method><method name="writeNumber" desc="(I)V" line="1095"><counter type="INSTRUCTION" missed="12" covered="58"/><counter type="BRANCH" missed="2" covered="6"/><counter type="LINE" missed="4" covered="13"/><counter type="COMPLEXITY" missed="2" covered="3"/><counter type="METHOD" missed="0" covered="1"/></method><method name="writeNumber" desc="(J)V" line="1124"><counter type="INSTRUCTION" missed="12" covered="58"/><counter type="BRANCH" missed="2" covered="6"/><counter type="LINE" missed="4" covered="13"/><counter type="COMPLEXITY" missed="2" covered="3"/><counter type="METHOD" missed="0" covered="1"/></method><method name="writeNumber" desc="(D)V" line="1152"><counter type="INSTRUCTION" missed="37" covered="33"/><counter type="BRANCH" missed="4" covered="4"/><counter type="LINE" missed="7" covered="10"/><counter type="COMPLEXITY" missed="4" covered="1"/><counter type="METHOD" missed="0" covered="1"/></method><method name="writeNumber" desc="(F)V" line="1180"><counter type="INSTRUCTION" missed="70" covered="0"/><counter type="BRANCH" missed="8" covered="0"/><counter type="LINE" missed="17" covered="0"/><counter type="COMPLEXITY" missed="5" covered="0"/><counter type="METHOD" missed="1" covered="0"/></method><method name="writeNumber" desc="(Ljava/math/BigDecimal;)V" line="1208"><counter type="INSTRUCTION" missed="86" covered="41"/><counter type="BRANCH" missed="12" covered="6"/><counter type="LINE" missed="19" covered="13"/><counter type="COMPLEXITY" missed="9" covered="1"/><counter type="METHOD" missed="0" covered="1"/></method><method name="writeNumber" desc="(Ljava/math/BigInteger;)V" line="1260"><counter type="INSTRUCTION" missed="40" covered="35"/><counter type="BRANCH" missed="5" covered="5"/><counter type="LINE" missed="10" covered="11"/><counter type="COMPLEXITY" missed="5" covered="1"/><counter type="METHOD" missed="0" covered="1"/></method><method name="writeNumber" desc="(Ljava/lang/String;)V" line="1293"><counter type="INSTRUCTION" missed="4" covered="0"/><counter type="LINE" missed="2" covered="0"/><counter type="COMPLEXITY" missed="1" covered="0"/><counter type="METHOD" missed="1" covered="0"/></method><method name="_verifyValueWrite" desc="(Ljava/lang/String;)V" line="1305"><counter type="INSTRUCTION" missed="12" covered="8"/><counter type="BRANCH" missed="1" covered="1"/><counter type="LINE" missed="1" covered="3"/><counter type="COMPLEXITY" missed="1" covered="1"/><counter type="METHOD" missed="0" covered="1"/></method><method name="flush" desc="()V" line="1320"><counter type="INSTRUCTION" missed="5" covered="9"/><counter type="BRANCH" missed="1" covered="1"/><counter type="LINE" missed="2" covered="4"/><counter type="COMPLEXITY" missed="1" covered="1"/><counter type="METHOD" missed="0" covered="1"/></method><method name="close" desc="()V" line="1332"><counter type="INSTRUCTION" missed="21" covered="33"/><counter type="BRANCH" missed="4" covered="8"/><counter type="LINE" missed="8" covered="11"/><counter type="COMPLEXITY" missed="4" covered="3"/><counter type="METHOD" missed="0" covered="1"/></method><method name="_releaseBuffers" desc="()V" line="1375"><counter type="INSTRUCTION" missed="1" covered="0"/><counter type="LINE" missed="1" covered="0"/><counter type="COMPLEXITY" missed="1" covered="0"/><counter type="METHOD" missed="1" covered="0"/></method><method name="checkNextIsUnwrapped" desc="()Z" line="1390"><counter type="INSTRUCTION" missed="0" covered="10"/><counter type="BRANCH" missed="0" covered="2"/><counter type="LINE" missed="0" covered="4"/><counter type="COMPLEXITY" missed="0" covered="2"/><counter type="METHOD" missed="0" covered="1"/></method><method name="handleMissingName" desc="()V" line="1398"><counter type="INSTRUCTION" missed="5" covered="0"/><counter type="LINE" missed="1" covered="0"/><counter type="COMPLEXITY" missed="1" covered="0"/><counter type="METHOD" missed="1" covered="0"/></method><method name="_reportUnimplementedStax2" desc="(Ljava/lang/String;)V" line="1406"><counter type="INSTRUCTION" missed="22" covered="0"/><counter type="LINE" missed="2" covered="0"/><counter type="COMPLEXITY" missed="1" covered="0"/><counter type="METHOD" missed="1" covered="0"/></method><counter type="INSTRUCTION" missed="848" covered="1250"/><counter type="BRANCH" missed="105" covered="151"/><counter type="LINE" missed="214" covered="335"/><counter type="COMPLEXITY" missed="107" covered="89"/><counter type="METHOD" missed="23" covered="45"/><counter type="CLASS" missed="0" covered="1"/></class><class name="com/fasterxml/jackson/dataformat/xml/ser/XmlBeanSerializer" sourcefilename="XmlBeanSerializer.java"><method name="&lt;init&gt;" desc="(Lcom/fasterxml/jackson/databind/ser/std/BeanSerializerBase;)V" line="31"><counter type="INSTRUCTION" missed="0" covered="4"/><counter type="LINE" missed="0" covered="2"/><counter type="COMPLEXITY" missed="0" covered="1"/><counter type="METHOD" missed="0" covered="1"/></method><method name="&lt;init&gt;" desc="(Lcom/fasterxml/jackson/dataformat/xml/ser/XmlBeanSerializerBase;Lcom/fasterxml/jackson/databind/ser/impl/ObjectIdWriter;Ljava/lang/Object;)V" line="35"><counter type="INSTRUCTION" missed="0" covered="6"/><counter type="LINE" missed="0" covered="2"/><counter type="COMPLEXITY" missed="0" covered="1"/><counter type="METHOD" missed="0" covered="1"/></method><method name="&lt;init&gt;" desc="(Lcom/fasterxml/jackson/dataformat/xml/ser/XmlBeanSerializerBase;Lcom/fasterxml/jackson/databind/ser/impl/ObjectIdWriter;)V" line="39"><counter type="INSTRUCTION" missed="5" covered="0"/><counter type="LINE" missed="2" covered="0"/><counter type="COMPLEXITY" missed="1" covered="0"/><counter type="METHOD" missed="1" covered="0"/></method><method name="&lt;init&gt;" desc="(Lcom/fasterxml/jackson/dataformat/xml/ser/XmlBeanSerializerBase;Ljava/util/Set;Ljava/util/Set;)V" line="43"><counter type="INSTRUCTION" missed="6" covered="0"/><counter type="LINE" missed="2" covered="0"/><counter type="COMPLEXITY" missed="1" covered="0"/><counter type="METHOD" missed="1" covered="0"/></method><method name="&lt;init&gt;" desc="(Lcom/fasterxml/jackson/dataformat/xml/ser/XmlBeanSerializerBase;[Lcom/fasterxml/jackson/databind/ser/BeanPropertyWriter;[Lcom/fasterxml/jackson/databind/ser/BeanPropertyWriter;)V" line="49"><counter type="INSTRUCTION" missed="6" covered="0"/><counter type="LINE" missed="2" covered="0"/><counter type="COMPLEXITY" missed="1" covered="0"/><counter type="METHOD" missed="1" covered="0"/></method><method name="unwrappingSerializer" desc="(Lcom/fasterxml/jackson/databind/util/NameTransformer;)Lcom/fasterxml/jackson/databind/JsonSerializer;" line="60"><counter type="INSTRUCTION" missed="0" covered="6"/><counter type="LINE" missed="0" covered="1"/><counter type="COMPLEXITY" missed="0" covered="1"/><counter type="METHOD" missed="0" covered="1"/></method><method name="withObjectIdWriter" desc="(Lcom/fasterxml/jackson/databind/ser/impl/ObjectIdWriter;)Lcom/fasterxml/jackson/databind/ser/std/BeanSerializerBase;" line="65"><counter type="INSTRUCTION" missed="0" covered="8"/><counter type="LINE" missed="0" covered="1"/><counter type="COMPLEXITY" missed="0" covered="1"/><counter type="METHOD" missed="0" covered="1"/></method><method name="withFilterId" desc="(Ljava/lang/Object;)Lcom/fasterxml/jackson/databind/ser/std/BeanSerializerBase;" line="70"><counter type="INSTRUCTION" missed="8" covered="0"/><counter type="LINE" missed="1" covered="0"/><counter type="COMPLEXITY" missed="1" covered="0"/><counter type="METHOD" missed="1" covered="0"/></method><method name="withByNameInclusion" desc="(Ljava/util/Set;Ljava/util/Set;)Lcom/fasterxml/jackson/databind/ser/std/BeanSerializerBase;" line="75"><counter type="INSTRUCTION" missed="7" covered="0"/><counter type="LINE" missed="1" covered="0"/><counter type="COMPLEXITY" missed="1" covered="0"/><counter type="METHOD" missed="1" covered="0"/></method><method name="withProperties" desc="([Lcom/fasterxml/jackson/databind/ser/BeanPropertyWriter;[Lcom/fasterxml/jackson/databind/ser/BeanPropertyWriter;)Lcom/fasterxml/jackson/databind/ser/std/BeanSerializerBase;" line="81"><counter type="INSTRUCTION" missed="7" covered="0"/><counter type="LINE" missed="1" covered="0"/><counter type="COMPLEXITY" missed="1" covered="0"/><counter type="METHOD" missed="1" covered="0"/></method><method name="asArraySerializer" desc="()Lcom/fasterxml/jackson/databind/ser/std/BeanSerializerBase;" line="98"><counter type="INSTRUCTION" missed="16" covered="0"/><counter type="BRANCH" missed="6" covered="0"/><counter type="LINE" missed="3" covered="0"/><counter type="COMPLEXITY" missed="4" covered="0"/><counter type="METHOD" missed="1" covered="0"/></method><method name="serialize" desc="(Ljava/lang/Object;Lcom/fasterxml/jackson/core/JsonGenerator;Lcom/fasterxml/jackson/databind/SerializerProvider;)V" line="121"><counter type="INSTRUCTION" missed="7" covered="22"/><counter type="BRANCH" missed="1" covered="3"/><counter type="LINE" missed="2" covered="7"/><counter type="COMPLEXITY" missed="1" covered="2"/><counter type="METHOD" missed="0" covered="1"/></method><method name="toString" desc="()Ljava/lang/String;" line="142"><counter type="INSTRUCTION" missed="11" covered="0"/><counter type="LINE" missed="1" covered="0"/><counter type="COMPLEXITY" missed="1" covered="0"/><counter type="METHOD" missed="1" covered="0"/></method><counter type="INSTRUCTION" missed="73" covered="46"/><counter type="BRANCH" missed="7" covered="3"/><counter type="LINE" missed="15" covered="13"/><counter type="COMPLEXITY" missed="12" covered="6"/><counter type="METHOD" missed="8" covered="5"/><counter type="CLASS" missed="0" covered="1"/></class><class name="com/fasterxml/jackson/dataformat/xml/ser/XmlSerializerProvider" sourcefilename="XmlSerializerProvider.java"><method name="&lt;init&gt;" desc="(Lcom/fasterxml/jackson/dataformat/xml/util/XmlRootNameLookup;)V" line="37"><counter type="INSTRUCTION" missed="0" covered="6"/><counter type="LINE" missed="0" covered="3"/><counter type="COMPLEXITY" missed="0" covered="1"/><counter type="METHOD" missed="0" covered="1"/></method><method name="&lt;init&gt;" desc="(Lcom/fasterxml/jackson/dataformat/xml/ser/XmlSerializerProvider;Lcom/fasterxml/jackson/databind/SerializationConfig;Lcom/fasterxml/jackson/databind/ser/SerializerFactory;)V" line="44"><counter type="INSTRUCTION" missed="0" covered="10"/><counter type="LINE" missed="0" covered="3"/><counter type="COMPLEXITY" missed="0" covered="1"/><counter type="METHOD" missed="0" covered="1"/></method><method name="&lt;init&gt;" desc="(Lcom/fasterxml/jackson/dataformat/xml/ser/XmlSerializerProvider;Lcom/fasterxml/jackson/databind/cfg/CacheProvider;)V" line="52"><counter type="INSTRUCTION" missed="9" covered="0"/><counter type="LINE" missed="3" covered="0"/><counter type="COMPLEXITY" missed="1" covered="0"/><counter type="METHOD" missed="1" covered="0"/></method><method name="&lt;init&gt;" desc="(Lcom/fasterxml/jackson/dataformat/xml/ser/XmlSerializerProvider;)V" line="60"><counter type="INSTRUCTION" missed="0" covered="9"/><counter type="LINE" missed="0" covered="3"/><counter type="COMPLEXITY" missed="0" covered="1"/><counter type="METHOD" missed="0" covered="1"/></method><method name="copy" desc="()Lcom/fasterxml/jackson/databind/ser/DefaultSerializerProvider;" line="74"><counter type="INSTRUCTION" missed="0" covered="5"/><counter type="LINE" missed="0" covered="1"/><counter type="COMPLEXITY" missed="0" covered="1"/><counter type="METHOD" missed="0" covered="1"/></method><method name="withCaches" desc="(Lcom/fasterxml/jackson/databind/cfg/CacheProvider;)Lcom/fasterxml/jackson/databind/ser/DefaultSerializerProvider;" line="79"><counter type="INSTRUCTION" missed="6" covered="0"/><counter type="LINE" missed="1" covered="0"/><counter type="COMPLEXITY" missed="1" covered="0"/><counter type="METHOD" missed="1" covered="0"/></method><method name="createInstance" desc="(Lcom/fasterxml/jackson/databind/SerializationConfig;Lcom/fasterxml/jackson/databind/ser/SerializerFactory;)Lcom/fasterxml/jackson/databind/ser/DefaultSerializerProvider;" line="85"><counter type="INSTRUCTION" missed="0" covered="7"/><counter type="LINE" missed="0" covered="1"/><counter type="COMPLEXITY" missed="0" covered="1"/><counter type="METHOD" missed="0" covered="1"/></method><method name="serializeValue" desc="(Lcom/fasterxml/jackson/core/JsonGenerator;Ljava/lang/Object;)V" line="92"><counter type="INSTRUCTION" missed="0" covered="83"/><counter type="BRANCH" missed="0" covered="12"/><counter type="LINE" missed="0" covered="26"/><counter type="COMPLEXITY" missed="0" covered="7"/><counter type="METHOD" missed="0" covered="1"/></method><method name="serializeValue" desc="(Lcom/fasterxml/jackson/core/JsonGenerator;Ljava/lang/Object;Lcom/fasterxml/jackson/databind/JavaType;)V" line="136"><counter type="INSTRUCTION" missed="7" covered="0"/><counter type="LINE" missed="2" covered="0"/><counter type="COMPLEXITY" missed="1" covered="0"/><counter type="METHOD" missed="1" covered="0"/></method><method name="serializeValue" desc="(Lcom/fasterxml/jackson/core/JsonGenerator;Ljava/lang/Object;Lcom/fasterxml/jackson/databind/JavaType;Lcom/fasterxml/jackson/databind/JsonSerializer;)V" line="145"><counter type="INSTRUCTION" missed="35" covered="75"/><counter type="BRANCH" missed="8" covered="14"/><counter type="LINE" missed="11" covered="21"/><counter type="COMPLEXITY" missed="8" covered="4"/><counter type="METHOD" missed="0" covered="1"/></method><method name="serializePolymorphic" desc="(Lcom/fasterxml/jackson/core/JsonGenerator;Ljava/lang/Object;Lcom/fasterxml/jackson/databind/JavaType;Lcom/fasterxml/jackson/databind/JsonSerializer;Lcom/fasterxml/jackson/databind/jsontype/TypeSerializer;)V" line="199"><counter type="INSTRUCTION" missed="44" covered="67"/><counter type="BRANCH" missed="12" covered="12"/><counter type="LINE" missed="11" covered="20"/><counter type="COMPLEXITY" missed="12" covered="1"/><counter type="METHOD" missed="0" covered="1"/></method><method name="_serializeXmlNull" desc="(Lcom/fasterxml/jackson/core/JsonGenerator;)V" line="251"><counter type="INSTRUCTION" missed="0" covered="20"/><counter type="BRANCH" missed="0" covered="4"/><counter type="LINE" missed="0" covered="7"/><counter type="COMPLEXITY" missed="0" covered="3"/><counter type="METHOD" missed="0" covered="1"/></method><method name="_startRootArray" desc="(Lcom/fasterxml/jackson/dataformat/xml/ser/ToXmlGenerator;Ljavax/xml/namespace/QName;)V" line="263"><counter type="INSTRUCTION" missed="0" covered="6"/><counter type="LINE" missed="0" covered="3"/><counter type="COMPLEXITY" missed="0" covered="1"/><counter type="METHOD" missed="0" covered="1"/></method><method name="_initWithRootName" desc="(Lcom/fasterxml/jackson/dataformat/xml/ser/ToXmlGenerator;Ljavax/xml/namespace/QName;)V" line="272"><counter type="INSTRUCTION" missed="8" covered="23"/><counter type="BRANCH" missed="2" covered="6"/><counter type="LINE" missed="3" covered="8"/><counter type="COMPLEXITY" missed="2" covered="3"/><counter type="METHOD" missed="0" covered="1"/></method><method name="_rootNameFromConfig" desc="()Ljavax/xml/namespace/QName;" line="294"><counter type="INSTRUCTION" missed="0" covered="29"/><counter type="BRANCH" missed="1" covered="5"/><counter type="LINE" missed="0" covered="7"/><counter type="COMPLEXITY" missed="1" covered="3"/><counter type="METHOD" missed="0" covered="1"/></method><method name="_shouldUnwrapObjectNode" desc="(Lcom/fasterxml/jackson/dataformat/xml/ser/ToXmlGenerator;Ljava/lang/Object;)Z" line="308"><counter type="INSTRUCTION" missed="0" covered="16"/><counter type="BRANCH" missed="2" covered="4"/><counter type="LINE" missed="0" covered="2"/><counter type="COMPLEXITY" missed="2" covered="2"/><counter type="METHOD" missed="0" covered="1"/></method><method name="_serializeUnwrappedObjectNode" desc="(Lcom/fasterxml/jackson/dataformat/xml/ser/ToXmlGenerator;Ljava/lang/Object;Lcom/fasterxml/jackson/databind/JsonSerializer;)V" line="317"><counter type="INSTRUCTION" missed="6" covered="37"/><counter type="BRANCH" missed="1" covered="1"/><counter type="LINE" missed="2" covered="9"/><counter type="COMPLEXITY" missed="1" covered="1"/><counter type="METHOD" missed="0" covered="1"/></method><method name="_asXmlGenerator" desc="(Lcom/fasterxml/jackson/core/JsonGenerator;)Lcom/fasterxml/jackson/dataformat/xml/ser/ToXmlGenerator;" line="337"><counter type="INSTRUCTION" missed="15" covered="11"/><counter type="BRANCH" missed="1" covered="3"/><counter type="LINE" missed="2" covered="4"/><counter type="COMPLEXITY" missed="1" covered="2"/><counter type="METHOD" missed="0" covered="1"/></method><method name="_wrapAsIOE" desc="(Lcom/fasterxml/jackson/core/JsonGenerator;Ljava/lang/Exception;)Ljava/io/IOException;" line="351"><counter type="INSTRUCTION" missed="25" covered="6"/><counter type="BRANCH" missed="3" covered="1"/><counter type="LINE" missed="4" covered="2"/><counter type="COMPLEXITY" missed="2" covered="1"/><counter type="METHOD" missed="0" covered="1"/></method><counter type="INSTRUCTION" missed="155" covered="410"/><counter type="BRANCH" missed="30" covered="62"/><counter type="LINE" missed="39" covered="120"/><counter type="COMPLEXITY" missed="32" covered="33"/><counter type="METHOD" missed="3" covered="16"/><counter type="CLASS" missed="0" covered="1"/></class><class name="com/fasterxml/jackson/dataformat/xml/ser/UnwrappingXmlBeanSerializer" sourcefilename="UnwrappingXmlBeanSerializer.java"><method name="&lt;init&gt;" desc="(Lcom/fasterxml/jackson/dataformat/xml/ser/XmlBeanSerializerBase;Lcom/fasterxml/jackson/databind/util/NameTransformer;)V" line="43"><counter type="INSTRUCTION" missed="0" covered="8"/><counter type="LINE" missed="0" covered="3"/><counter type="COMPLEXITY" missed="0" covered="1"/><counter type="METHOD" missed="0" covered="1"/></method><method name="&lt;init&gt;" desc="(Lcom/fasterxml/jackson/dataformat/xml/ser/UnwrappingXmlBeanSerializer;Lcom/fasterxml/jackson/databind/ser/impl/ObjectIdWriter;)V" line="49"><counter type="INSTRUCTION" missed="9" covered="0"/><counter type="LINE" missed="3" covered="0"/><counter type="COMPLEXITY" missed="1" covered="0"/><counter type="METHOD" missed="1" covered="0"/></method><method name="&lt;init&gt;" desc="(Lcom/fasterxml/jackson/dataformat/xml/ser/UnwrappingXmlBeanSerializer;Lcom/fasterxml/jackson/databind/ser/impl/ObjectIdWriter;Ljava/lang/Object;)V" line="55"><counter type="INSTRUCTION" missed="10" covered="0"/><counter type="LINE" missed="3" covered="0"/><counter type="COMPLEXITY" missed="1" covered="0"/><counter type="METHOD" missed="1" covered="0"/></method><method name="&lt;init&gt;" desc="(Lcom/fasterxml/jackson/dataformat/xml/ser/UnwrappingXmlBeanSerializer;Ljava/util/Set;Ljava/util/Set;)V" line="62"><counter type="INSTRUCTION" missed="10" covered="0"/><counter type="LINE" missed="3" covered="0"/><counter type="COMPLEXITY" missed="1" covered="0"/><counter type="METHOD" missed="1" covered="0"/></method><method name="&lt;init&gt;" desc="(Lcom/fasterxml/jackson/dataformat/xml/ser/UnwrappingXmlBeanSerializer;[Lcom/fasterxml/jackson/databind/ser/BeanPropertyWriter;[Lcom/fasterxml/jackson/databind/ser/BeanPropertyWriter;)V" line="69"><counter type="INSTRUCTION" missed="10" covered="0"/><counter type="LINE" missed="3" covered="0"/><counter type="COMPLEXITY" missed="1" covered="0"/><counter type="METHOD" missed="1" covered="0"/></method><method name="unwrappingSerializer" desc="(Lcom/fasterxml/jackson/databind/util/NameTransformer;)Lcom/fasterxml/jackson/databind/JsonSerializer;" line="83"><counter type="INSTRUCTION" missed="6" covered="0"/><counter type="LINE" missed="1" covered="0"/><counter type="COMPLEXITY" missed="1" covered="0"/><counter type="METHOD" missed="1" covered="0"/></method><method name="isUnwrappingSerializer" desc="()Z" line="89"><counter type="INSTRUCTION" missed="0" covered="2"/><counter type="LINE" missed="0" covered="1"/><counter type="COMPLEXITY" missed="0" covered="1"/><counter type="METHOD" missed="0" covered="1"/></method><method name="withObjectIdWriter" desc="(Lcom/fasterxml/jackson/databind/ser/impl/ObjectIdWriter;)Lcom/fasterxml/jackson/databind/ser/std/BeanSerializerBase;" line="95"><counter type="INSTRUCTION" missed="6" covered="0"/><counter type="LINE" missed="1" covered="0"/><counter type="COMPLEXITY" missed="1" covered="0"/><counter type="METHOD" missed="1" covered="0"/></method><method name="withFilterId" desc="(Ljava/lang/Object;)Lcom/fasterxml/jackson/databind/ser/std/BeanSerializerBase;" line="101"><counter type="INSTRUCTION" missed="8" covered="0"/><counter type="LINE" missed="1" covered="0"/><counter type="COMPLEXITY" missed="1" covered="0"/><counter type="METHOD" missed="1" covered="0"/></method><method name="withByNameInclusion" desc="(Ljava/util/Set;Ljava/util/Set;)Lcom/fasterxml/jackson/databind/ser/std/BeanSerializerBase;" line="106"><counter type="INSTRUCTION" missed="7" covered="0"/><counter type="LINE" missed="1" covered="0"/><counter type="COMPLEXITY" missed="1" covered="0"/><counter type="METHOD" missed="1" covered="0"/></method><method name="withProperties" desc="([Lcom/fasterxml/jackson/databind/ser/BeanPropertyWriter;[Lcom/fasterxml/jackson/databind/ser/BeanPropertyWriter;)Lcom/fasterxml/jackson/databind/ser/std/BeanSerializerBase;" line="112"><counter type="INSTRUCTION" missed="7" covered="0"/><counter type="LINE" missed="1" covered="0"/><counter type="COMPLEXITY" missed="1" covered="0"/><counter type="METHOD" missed="1" covered="0"/></method><method name="asArraySerializer" desc="()Lcom/fasterxml/jackson/databind/ser/std/BeanSerializerBase;" line="121"><counter type="INSTRUCTION" missed="2" covered="0"/><counter type="LINE" missed="1" covered="0"/><counter type="COMPLEXITY" missed="1" covered="0"/><counter type="METHOD" missed="1" covered="0"/></method><method name="serialize" desc="(Ljava/lang/Object;Lcom/fasterxml/jackson/core/JsonGenerator;Lcom/fasterxml/jackson/databind/SerializerProvider;)V" line="138"><counter type="INSTRUCTION" missed="13" covered="12"/><counter type="BRANCH" missed="2" covered="2"/><counter type="LINE" missed="3" covered="4"/><counter type="COMPLEXITY" missed="2" covered="1"/><counter type="METHOD" missed="0" covered="1"/></method><method name="toString" desc="()Ljava/lang/String;" line="158"><counter type="INSTRUCTION" missed="11" covered="0"/><counter type="LINE" missed="1" covered="0"/><counter type="COMPLEXITY" missed="1" covered="0"/><counter type="METHOD" missed="1" covered="0"/></method><counter type="INSTRUCTION" missed="99" covered="22"/><counter type="BRANCH" missed="2" covered="2"/><counter type="LINE" missed="22" covered="8"/><counter type="COMPLEXITY" missed="13" covered="3"/><counter type="METHOD" missed="11" covered="3"/><counter type="CLASS" missed="0" covered="1"/></class><class name="com/fasterxml/jackson/dataformat/xml/ser/ToXmlGenerator$Feature" sourcefilename="ToXmlGenerator.java"><method name="collectDefaults" desc="()I" line="107"><counter type="INSTRUCTION" missed="5" covered="23"/><counter type="BRANCH" missed="1" covered="3"/><counter type="LINE" missed="1" covered="4"/><counter type="COMPLEXITY" missed="1" covered="2"/><counter type="METHOD" missed="0" covered="1"/></method><method name="&lt;init&gt;" desc="(Ljava/lang/String;IZ)V" line="116"><counter type="INSTRUCTION" missed="0" covered="14"/><counter type="LINE" missed="0" covered="4"/><counter type="COMPLEXITY" missed="0" covered="1"/><counter type="METHOD" missed="0" covered="1"/></method><method name="enabledByDefault" desc="()Z" line="121"><counter type="INSTRUCTION" missed="0" covered="3"/><counter type="LINE" missed="0" covered="1"/><counter type="COMPLEXITY" missed="0" covered="1"/><counter type="METHOD" missed="0" covered="1"/></method><method name="getMask" desc="()I" line="122"><counter type="INSTRUCTION" missed="0" covered="3"/><counter type="LINE" missed="0" covered="1"/><counter type="COMPLEXITY" missed="0" covered="1"/><counter type="METHOD" missed="0" covered="1"/></method><method name="enabledIn" desc="(I)Z" line="123"><counter type="INSTRUCTION" missed="0" covered="9"/><counter type="BRANCH" missed="0" covered="2"/><counter type="LINE" missed="0" covered="1"/><counter type="COMPLEXITY" missed="0" covered="2"/><counter type="METHOD" missed="0" covered="1"/></method><method name="&lt;clinit&gt;" desc="()V" line="46"><counter type="INSTRUCTION" missed="0" covered="31"/><counter type="LINE" missed="0" covered="5"/><counter type="COMPLEXITY" missed="0" covered="1"/><counter type="METHOD" missed="0" covered="1"/></method><counter type="INSTRUCTION" missed="5" covered="83"/><counter type="BRANCH" missed="1" covered="5"/><counter type="LINE" missed="1" covered="16"/><counter type="COMPLEXITY" missed="1" covered="8"/><counter type="METHOD" missed="0" covered="6"/><counter type="CLASS" missed="0" covered="1"/></class><sourcefile name="UnwrappingXmlBeanSerializer.java"><line nr="43" mi="0" ci="4" mb="0" cb="0"/><line nr="44" mi="0" ci="3" mb="0" cb="0"/><line nr="45" mi="0" ci="1" mb="0" cb="0"/><line nr="49" mi="4" ci="0" mb="0" cb="0"/><line nr="50" mi="4" ci="0" mb="0" cb="0"/><line nr="51" mi="1" ci="0" mb="0" cb="0"/><line nr="55" mi="5" ci="0" mb="0" cb="0"/><line nr="56" mi="4" ci="0" mb="0" cb="0"/><line nr="57" mi="1" ci="0" mb="0" cb="0"/><line nr="62" mi="5" ci="0" mb="0" cb="0"/><line nr="63" mi="4" ci="0" mb="0" cb="0"/><line nr="64" mi="1" ci="0" mb="0" cb="0"/><line nr="69" mi="5" ci="0" mb="0" cb="0"/><line nr="70" mi="4" ci="0" mb="0" cb="0"/><line nr="71" mi="1" ci="0" mb="0" cb="0"/><line nr="83" mi="6" ci="0" mb="0" cb="0"/><line nr="89" mi="0" ci="2" mb="0" cb="0"/><line nr="95" mi="6" ci="0" mb="0" cb="0"/><line nr="101" mi="8" ci="0" mb="0" cb="0"/><line nr="106" mi="7" ci="0" mb="0" cb="0"/><line nr="112" mi="7" ci="0" mb="0" cb="0"/><line nr="121" mi="2" ci="0" mb="0" cb="0"/><line nr="138" mi="0" ci="3" mb="1" cb="1"/><line nr="139" mi="6" ci="0" mb="0" cb="0"/><line nr="140" mi="1" ci="0" mb="0" cb="0"/><line nr="142" mi="0" ci="3" mb="1" cb="1"/><line nr="143" mi="6" ci="0" mb="0" cb="0"/><line nr="145" mi="0" ci="5" mb="0" cb="0"/><line nr="147" mi="0" ci="1" mb="0" cb="0"/><line nr="158" mi="11" ci="0" mb="0" cb="0"/><counter type="INSTRUCTION" missed="99" covered="22"/><counter type="BRANCH" missed="2" covered="2"/><counter type="LINE" missed="22" covered="8"/><counter type="COMPLEXITY" missed="13" covered="3"/><counter type="METHOD" missed="11" covered="3"/><counter type="CLASS" missed="0" covered="1"/></sourcefile><sourcefile name="XmlBeanSerializerModifier.java"><line nr="24" mi="0" ci="3" mb="0" cb="0"/><line nr="40" mi="0" ci="3" mb="0" cb="0"/><line nr="41" mi="0" ci="10" mb="0" cb="2"/><line nr="42" mi="0" ci="5" mb="0" cb="0"/><line nr="43" mi="0" ci="3" mb="0" cb="0"/><line nr="44" mi="0" ci="5" mb="0" cb="0"/><line nr="45" mi="0" ci="5" mb="0" cb="0"/><line nr="46" mi="0" ci="5" mb="0" cb="0"/><line nr="47" mi="0" ci="5" mb="0" cb="0"/><line nr="48" mi="0" ci="11" mb="0" cb="0"/><line nr="54" mi="0" ci="4" mb="0" cb="2"/><line nr="55" mi="0" ci="1" mb="0" cb="0"/><line nr="57" mi="0" ci="5" mb="0" cb="0"/><line nr="58" mi="0" ci="3" mb="0" cb="0"/><line nr="61" mi="0" ci="5" mb="0" cb="4"/><line nr="62" mi="0" ci="1" mb="0" cb="0"/><line nr="65" mi="0" ci="3" mb="0" cb="0"/><line nr="66" mi="0" ci="5" mb="1" cb="3"/><line nr="67" mi="0" ci="2" mb="0" cb="0"/><line nr="69" mi="0" ci="10" mb="0" cb="0"/><line nr="71" mi="0" ci="2" mb="0" cb="0"/><line nr="82" mi="0" ci="3" mb="0" cb="2"/><line nr="83" mi="0" ci="2" mb="0" cb="0"/><line nr="85" mi="0" ci="6" mb="0" cb="0"/><counter type="INSTRUCTION" missed="0" covered="107"/><counter type="BRANCH" missed="1" covered="13"/><counter type="LINE" missed="0" covered="24"/><counter type="COMPLEXITY" missed="1" covered="9"/><counter type="METHOD" missed="0" covered="3"/><counter type="CLASS" missed="0" covered="1"/></sourcefile><sourcefile name="XmlBeanPropertyWriter.java"><line nr="43" mi="0" ci="6" mb="0" cb="0"/><line nr="44" mi="0" ci="1" mb="0" cb="0"/><line nr="50" mi="0" ci="3" mb="0" cb="0"/><line nr="51" mi="0" ci="5" mb="0" cb="0"/><line nr="52" mi="0" ci="5" mb="0" cb="0"/><line nr="54" mi="0" ci="2" mb="1" cb="1"/><line nr="55" mi="3" ci="0" mb="0" cb="0"/><line nr="57" mi="0" ci="1" mb="0" cb="0"/><line nr="61" mi="0" ci="3" mb="0" cb="0"/><line nr="62" mi="0" ci="2" mb="0" cb="2"/><line nr="63" mi="0" ci="2" mb="0" cb="0"/><line nr="65" mi="0" ci="7" mb="0" cb="0"/><line nr="82" mi="0" ci="4" mb="0" cb="0"/><line nr="92" mi="0" ci="2" mb="0" cb="2"/><line nr="106" mi="0" ci="1" mb="0" cb="0"/><line nr="110" mi="0" ci="3" mb="0" cb="0"/><line nr="111" mi="0" ci="2" mb="0" cb="2"/><line nr="112" mi="0" ci="3" mb="0" cb="0"/><line nr="113" mi="0" ci="3" mb="0" cb="0"/><line nr="114" mi="0" ci="4" mb="0" cb="0"/><line nr="115" mi="0" ci="2" mb="0" cb="2"/><line nr="116" mi="0" ci="6" mb="0" cb="0"/><line nr="120" mi="0" ci="3" mb="1" cb="1"/><line nr="121" mi="4" ci="0" mb="2" cb="0"/><line nr="122" mi="5" ci="0" mb="2" cb="0"/><line nr="123" mi="1" ci="0" mb="0" cb="0"/><line nr="125" mi="5" ci="0" mb="2" cb="0"/><line nr="126" mi="1" ci="0" mb="0" cb="0"/><line nr="130" mi="0" ci="3" mb="1" cb="1"/><line nr="132" mi="7" ci="0" mb="2" cb="0"/><line nr="133" mi="1" ci="0" mb="0" cb="0"/><line nr="137" mi="0" ci="8" mb="0" cb="2"/><line nr="140" mi="0" ci="2" mb="0" cb="2"/><line nr="141" mi="0" ci="6" mb="0" cb="0"/><line nr="143" mi="0" ci="4" mb="0" cb="0"/><line nr="144" mi="0" ci="3" mb="1" cb="1"/><line nr="145" mi="0" ci="6" mb="0" cb="0"/><line nr="147" mi="7" ci="0" mb="0" cb="0"/><line nr="149" mi="0" ci="2" mb="0" cb="2"/><line nr="150" mi="0" ci="6" mb="0" cb="0"/><line nr="152" mi="0" ci="1" mb="0" cb="0"/><counter type="INSTRUCTION" missed="34" covered="111"/><counter type="BRANCH" missed="12" covered="18"/><counter type="LINE" missed="9" covered="32"/><counter type="COMPLEXITY" missed="8" covered="11"/><counter type="METHOD" missed="0" covered="4"/><counter type="CLASS" missed="0" covered="1"/></sourcefile><sourcefile name="XmlBeanSerializer.java"><line nr="31" mi="0" ci="3" mb="0" cb="0"/><line nr="32" mi="0" ci="1" mb="0" cb="0"/><line nr="35" mi="0" ci="5" mb="0" cb="0"/><line nr="36" mi="0" ci="1" mb="0" cb="0"/><line nr="39" mi="4" ci="0" mb="0" cb="0"/><line nr="40" mi="1" ci="0" mb="0" cb="0"/><line nr="43" mi="5" ci="0" mb="0" cb="0"/><line nr="44" mi="1" ci="0" mb="0" cb="0"/><line nr="49" mi="5" ci="0" mb="0" cb="0"/><line nr="50" mi="1" ci="0" mb="0" cb="0"/><line nr="60" mi="0" ci="6" mb="0" cb="0"/><line nr="65" mi="0" ci="8" mb="0" cb="0"/><line nr="70" mi="8" ci="0" mb="0" cb="0"/><line nr="75" mi="7" ci="0" mb="0" cb="0"/><line nr="81" mi="7" ci="0" mb="0" cb="0"/><line nr="98" mi="9" ci="0" mb="6" cb="0"/><line nr="102" mi="5" ci="0" mb="0" cb="0"/><line nr="105" mi="2" ci="0" mb="0" cb="0"/><line nr="121" mi="0" ci="3" mb="1" cb="1"/><line nr="122" mi="6" ci="0" mb="0" cb="0"/><line nr="123" mi="1" ci="0" mb="0" cb="0"/><line nr="125" mi="0" ci="2" mb="0" cb="0"/><line nr="126" mi="0" ci="3" mb="0" cb="2"/><line nr="127" mi="0" ci="6" mb="0" cb="0"/><line nr="129" mi="0" ci="5" mb="0" cb="0"/><line nr="131" mi="0" ci="2" mb="0" cb="0"/><line nr="132" mi="0" ci="1" mb="0" cb="0"/><line nr="142" mi="11" ci="0" mb="0" cb="0"/><counter type="INSTRUCTION" missed="73" covered="46"/><counter type="BRANCH" missed="7" covered="3"/><counter type="LINE" missed="15" covered="13"/><counter type="COMPLEXITY" missed="12" covered="6"/><counter type="METHOD" missed="8" covered="5"/><counter type="CLASS" missed="0" covered="1"/></sourcefile><sourcefile name="ToXmlGenerator.java"><line nr="46" mi="0" ci="3" mb="0" cb="0"/><line nr="52" mi="0" ci="7" mb="0" cb="0"/><line nr="63" mi="0" ci="7" mb="0" cb="0"/><line nr="77" mi="0" ci="7" mb="0" cb="0"/><line nr="95" mi="0" ci="7" mb="0" cb="0"/><line nr="107" mi="0" ci="2" mb="0" cb="0"/><line nr="108" mi="0" ci="16" mb="0" cb="2"/><line nr="109" mi="0" ci="3" mb="1" cb="1"/><line nr="110" mi="5" ci="0" mb="0" cb="0"/><line nr="113" mi="0" ci="2" mb="0" cb="0"/><line nr="116" mi="0" ci="4" mb="0" cb="0"/><line nr="117" mi="0" ci="3" mb="0" cb="0"/><line nr="118" mi="0" ci="6" mb="0" cb="0"/><line nr="119" mi="0" ci="1" mb="0" cb="0"/><line nr="121" mi="0" ci="3" mb="0" cb="0"/><line nr="122" mi="0" ci="3" mb="0" cb="0"/><line nr="123" mi="0" ci="9" mb="0" cb="2"/><line nr="184" mi="0" ci="3" mb="0" cb="0"/><line nr="190" mi="0" ci="3" mb="0" cb="0"/><line nr="198" mi="0" ci="3" mb="0" cb="0"/><line nr="204" mi="0" ci="3" mb="0" cb="0"/><line nr="210" mi="0" ci="5" mb="0" cb="0"/><line nr="217" mi="0" ci="5" mb="0" cb="0"/><line nr="228" mi="0" ci="5" mb="0" cb="0"/><line nr="229" mi="0" ci="3" mb="0" cb="0"/><line nr="230" mi="0" ci="4" mb="0" cb="0"/><line nr="231" mi="0" ci="3" mb="0" cb="0"/><line nr="232" mi="0" ci="4" mb="0" cb="0"/><line nr="233" mi="0" ci="9" mb="0" cb="2"/><line nr="234" mi="0" ci="3" mb="0" cb="0"/><line nr="235" mi="0" ci="5" mb="1" cb="1"/><line nr="236" mi="4" ci="2" mb="0" cb="0"/><line nr="237" mi="0" ci="1" mb="0" cb="0"/><line nr="245" mi="0" ci="3" mb="0" cb="2"/><line nr="246" mi="0" ci="1" mb="0" cb="0"/><line nr="248" mi="0" ci="3" mb="0" cb="0"/><line nr="250" mi="0" ci="5" mb="0" cb="2"/><line nr="251" mi="0" ci="6" mb="0" cb="0"/><line nr="252" mi="0" ci="5" mb="0" cb="2"/><line nr="253" mi="0" ci="6" mb="0" cb="0"/><line nr="255" mi="0" ci="1" mb="0" cb="0"/><line nr="258" mi="0" ci="3" mb="0" cb="2"/><line nr="260" mi="0" ci="3" mb="1" cb="1"/><line nr="261" mi="0" ci="5" mb="0" cb="0"/><line nr="264" mi="1" ci="0" mb="0" cb="0"/><line nr="265" mi="4" ci="0" mb="0" cb="0"/><line nr="266" mi="0" ci="1" mb="0" cb="0"/><line nr="267" mi="0" ci="1" mb="0" cb="0"/><line nr="277" mi="4" ci="0" mb="0" cb="0"/><line nr="282" mi="0" ci="3" mb="0" cb="0"/><line nr="283" mi="0" ci="4" mb="1" cb="1"/><line nr="284" mi="1" ci="4" mb="0" cb="0"/><line nr="285" mi="0" ci="2" mb="0" cb="0"/><line nr="292" mi="3" ci="0" mb="0" cb="0"/><line nr="301" mi="2" ci="0" mb="0" cb="0"/><line nr="306" mi="3" ci="0" mb="0" cb="0"/><line nr="312" mi="0" ci="3" mb="0" cb="0"/><line nr="313" mi="0" ci="11" mb="0" cb="0"/><line nr="315" mi="0" ci="3" mb="0" cb="2"/><line nr="316" mi="0" ci="3" mb="0" cb="0"/><line nr="318" mi="0" ci="2" mb="0" cb="0"/><line nr="329" mi="0" ci="3" mb="0" cb="0"/><line nr="333" mi="7" ci="0" mb="0" cb="0"/><line nr="334" mi="2" ci="0" mb="0" cb="0"/><line nr="338" mi="9" ci="0" mb="0" cb="0"/><line nr="339" mi="2" ci="0" mb="0" cb="0"/><line nr="343" mi="0" ci="10" mb="0" cb="2"/><line nr="347" mi="2" ci="0" mb="2" cb="0"/><line nr="348" mi="5" ci="0" mb="0" cb="0"/><line nr="350" mi="4" ci="0" mb="0" cb="0"/><line nr="352" mi="2" ci="0" mb="0" cb="0"/><line nr="356" mi="2" ci="0" mb="0" cb="0"/><line nr="360" mi="2" ci="0" mb="0" cb="0"/><line nr="365" mi="0" ci="4" mb="0" cb="0"/><line nr="385" mi="0" ci="3" mb="0" cb="0"/><line nr="396" mi="0" ci="3" mb="0" cb="0"/><line nr="397" mi="0" ci="1" mb="0" cb="0"/><line nr="401" mi="0" ci="3" mb="0" cb="0"/><line nr="402" mi="0" ci="1" mb="0" cb="0"/><line nr="406" mi="0" ci="3" mb="0" cb="0"/><line nr="407" mi="0" ci="1" mb="0" cb="0"/><line nr="411" mi="0" ci="3" mb="0" cb="0"/><line nr="412" mi="0" ci="1" mb="0" cb="0"/><line nr="422" mi="0" ci="3" mb="0" cb="2"/><line nr="423" mi="0" ci="3" mb="0" cb="0"/><line nr="424" mi="0" ci="2" mb="0" cb="0"/><line nr="426" mi="0" ci="2" mb="0" cb="0"/><line nr="439" mi="0" ci="2" mb="1" cb="1"/><line nr="441" mi="0" ci="3" mb="0" cb="2"/><line nr="442" mi="0" ci="7" mb="0" cb="0"/><line nr="443" mi="0" ci="3" mb="0" cb="0"/><line nr="445" mi="0" ci="7" mb="0" cb="0"/><line nr="447" mi="1" ci="0" mb="0" cb="0"/><line nr="448" mi="4" ci="0" mb="0" cb="0"/><line nr="449" mi="0" ci="1" mb="0" cb="0"/><line nr="451" mi="0" ci="3" mb="0" cb="0"/><line nr="452" mi="0" ci="1" mb="0" cb="0"/><line nr="460" mi="0" ci="2" mb="1" cb="1"/><line nr="462" mi="0" ci="3" mb="0" cb="2"/><line nr="463" mi="0" ci="9" mb="0" cb="0"/><line nr="465" mi="0" ci="3" mb="0" cb="0"/><line nr="467" mi="1" ci="0" mb="0" cb="0"/><line nr="468" mi="4" ci="0" mb="0" cb="0"/><line nr="469" mi="0" ci="1" mb="0" cb="0"/><line nr="471" mi="0" ci="1" mb="0" cb="0"/><line nr="480" mi="8" ci="0" mb="2" cb="0"/><line nr="481" mi="3" ci="0" mb="0" cb="0"/><line nr="483" mi="1" ci="0" mb="0" cb="0"/><line nr="498" mi="0" ci="6" mb="1" cb="1"/><line nr="499" mi="3" ci="0" mb="0" cb="0"/><line nr="502" mi="2" ci="7" mb="1" cb="1"/><line nr="503" mi="0" ci="4" mb="0" cb="0"/><line nr="504" mi="0" ci="4" mb="0" cb="0"/><line nr="505" mi="0" ci="5" mb="0" cb="0"/><line nr="506" mi="0" ci="11" mb="0" cb="0"/><line nr="507" mi="0" ci="1" mb="0" cb="0"/><line nr="512" mi="0" ci="3" mb="0" cb="0"/><line nr="513" mi="0" ci="3" mb="0" cb="0"/><line nr="514" mi="0" ci="1" mb="0" cb="0"/><line nr="545" mi="0" ci="3" mb="0" cb="0"/><line nr="546" mi="0" ci="5" mb="0" cb="0"/><line nr="547" mi="0" ci="6" mb="0" cb="0"/><line nr="548" mi="0" ci="3" mb="0" cb="2"/><line nr="549" mi="0" ci="4" mb="0" cb="0"/><line nr="553" mi="0" ci="1" mb="0" cb="0"/><line nr="558" mi="0" ci="4" mb="1" cb="1"/><line nr="559" mi="12" ci="0" mb="0" cb="0"/><line nr="561" mi="0" ci="3" mb="0" cb="2"/><line nr="562" mi="0" ci="7" mb="0" cb="0"/><line nr="566" mi="0" ci="5" mb="0" cb="0"/><line nr="567" mi="0" ci="1" mb="0" cb="0"/><line nr="572" mi="0" ci="3" mb="0" cb="0"/><line nr="573" mi="0" ci="5" mb="0" cb="0"/><line nr="574" mi="0" ci="6" mb="0" cb="0"/><line nr="575" mi="0" ci="3" mb="0" cb="2"/><line nr="576" mi="0" ci="5" mb="0" cb="0"/><line nr="578" mi="0" ci="2" mb="0" cb="0"/><line nr="580" mi="0" ci="1" mb="0" cb="0"/><line nr="585" mi="0" ci="4" mb="1" cb="1"/><line nr="586" mi="12" ci="0" mb="0" cb="0"/><line nr="588" mi="0" ci="5" mb="0" cb="0"/><line nr="589" mi="0" ci="3" mb="0" cb="2"/><line nr="591" mi="0" ci="9" mb="0" cb="2"/><line nr="592" mi="0" ci="5" mb="0" cb="0"/><line nr="593" mi="0" ci="1" mb="0" cb="0"/><line nr="594" mi="0" ci="2" mb="0" cb="0"/><line nr="596" mi="0" ci="1" mb="0" cb="0"/><line nr="601" mi="0" ci="3" mb="1" cb="1"/><line nr="602" mi="2" ci="0" mb="0" cb="0"/><line nr="605" mi="0" ci="5" mb="0" cb="0"/><line nr="607" mi="0" ci="9" mb="0" cb="0"/><line nr="608" mi="1" ci="0" mb="0" cb="0"/><line nr="609" mi="4" ci="0" mb="0" cb="0"/><line nr="610" mi="0" ci="1" mb="0" cb="0"/><line nr="611" mi="0" ci="1" mb="0" cb="0"/><line nr="617" mi="0" ci="4" mb="1" cb="1"/><line nr="618" mi="6" ci="0" mb="0" cb="0"/><line nr="620" mi="0" ci="6" mb="0" cb="0"/><line nr="623" mi="0" ci="3" mb="0" cb="0"/><line nr="624" mi="0" ci="3" mb="0" cb="0"/><line nr="626" mi="0" ci="7" mb="0" cb="4"/><line nr="628" mi="0" ci="3" mb="1" cb="1"/><line nr="629" mi="0" ci="5" mb="0" cb="0"/><line nr="632" mi="1" ci="0" mb="0" cb="0"/><line nr="633" mi="4" ci="0" mb="0" cb="0"/><line nr="634" mi="0" ci="1" mb="0" cb="0"/><line nr="635" mi="0" ci="1" mb="0" cb="0"/><line nr="646" mi="0" ci="4" mb="0" cb="0"/><line nr="647" mi="0" ci="1" mb="0" cb="0"/><line nr="652" mi="0" ci="2" mb="0" cb="2"/><line nr="653" mi="0" ci="2" mb="0" cb="0"/><line nr="654" mi="0" ci="1" mb="0" cb="0"/><line nr="656" mi="0" ci="3" mb="0" cb="0"/><line nr="657" mi="0" ci="3" mb="1" cb="1"/><line nr="658" mi="2" ci="0" mb="0" cb="0"/><line nr="661" mi="0" ci="3" mb="0" cb="2"/><line nr="662" mi="0" ci="11" mb="0" cb="0"/><line nr="663" mi="0" ci="3" mb="0" cb="2"/><line nr="667" mi="0" ci="3" mb="1" cb="1"/><line nr="668" mi="5" ci="0" mb="0" cb="0"/><line nr="670" mi="0" ci="5" mb="0" cb="0"/><line nr="672" mi="0" ci="3" mb="0" cb="2"/><line nr="673" mi="0" ci="8" mb="0" cb="0"/><line nr="674" mi="0" ci="7" mb="0" cb="0"/><line nr="677" mi="0" ci="9" mb="0" cb="0"/><line nr="678" mi="0" ci="3" mb="0" cb="2"/><line nr="679" mi="0" ci="5" mb="0" cb="0"/><line nr="681" mi="0" ci="4" mb="0" cb="0"/><line nr="683" mi="0" ci="3" mb="0" cb="0"/><line nr="685" mi="1" ci="0" mb="0" cb="0"/><line nr="686" mi="4" ci="0" mb="0" cb="0"/><line nr="687" mi="0" ci="1" mb="0" cb="0"/><line nr="688" mi="0" ci="1" mb="0" cb="0"/><line nr="693" mi="3" ci="0" mb="0" cb="0"/><line nr="694" mi="3" ci="0" mb="2" cb="0"/><line nr="695" mi="2" ci="0" mb="0" cb="0"/><line nr="698" mi="3" ci="0" mb="2" cb="0"/><line nr="699" mi="16" ci="0" mb="0" cb="0"/><line nr="700" mi="3" ci="0" mb="2" cb="0"/><line nr="702" mi="3" ci="0" mb="2" cb="0"/><line nr="703" mi="7" ci="0" mb="0" cb="0"/><line nr="705" mi="7" ci="0" mb="0" cb="0"/><line nr="707" mi="3" ci="0" mb="2" cb="0"/><line nr="708" mi="8" ci="0" mb="0" cb="0"/><line nr="709" mi="9" ci="0" mb="0" cb="0"/><line nr="712" mi="9" ci="0" mb="0" cb="0"/><line nr="713" mi="3" ci="0" mb="2" cb="0"/><line nr="714" mi="7" ci="0" mb="0" cb="0"/><line nr="716" mi="6" ci="0" mb="0" cb="0"/><line nr="718" mi="3" ci="0" mb="0" cb="0"/><line nr="720" mi="1" ci="0" mb="0" cb="0"/><line nr="721" mi="4" ci="0" mb="0" cb="0"/><line nr="722" mi="1" ci="0" mb="0" cb="0"/><line nr="723" mi="1" ci="0" mb="0" cb="0"/><line nr="727" mi="0" ci="4" mb="0" cb="0"/><line nr="728" mi="0" ci="1" mb="0" cb="0"/><line nr="734" mi="2" ci="0" mb="0" cb="0"/><line nr="735" mi="1" ci="0" mb="0" cb="0"/><line nr="741" mi="2" ci="0" mb="0" cb="0"/><line nr="742" mi="1" ci="0" mb="0" cb="0"/><line nr="753" mi="0" ci="3" mb="1" cb="1"/><line nr="754" mi="3" ci="0" mb="0" cb="0"/><line nr="757" mi="0" ci="3" mb="0" cb="0"/><line nr="758" mi="0" ci="3" mb="1" cb="1"/><line nr="759" mi="2" ci="0" mb="0" cb="0"/><line nr="762" mi="0" ci="3" mb="0" cb="2"/><line nr="763" mi="0" ci="11" mb="0" cb="0"/><line nr="764" mi="0" ci="3" mb="0" cb="2"/><line nr="765" mi="0" ci="5" mb="0" cb="0"/><line nr="767" mi="0" ci="9" mb="0" cb="0"/><line nr="768" mi="0" ci="4" mb="0" cb="0"/><line nr="769" mi="0" ci="3" mb="0" cb="0"/><line nr="771" mi="1" ci="0" mb="0" cb="0"/><line nr="772" mi="4" ci="0" mb="0" cb="0"/><line nr="773" mi="0" ci="1" mb="0" cb="0"/><line nr="774" mi="0" ci="1" mb="0" cb="0"/><line nr="779" mi="0" ci="3" mb="1" cb="1"/><line nr="780" mi="3" ci="0" mb="0" cb="0"/><line nr="783" mi="0" ci="3" mb="0" cb="0"/><line nr="784" mi="0" ci="3" mb="1" cb="1"/><line nr="785" mi="2" ci="0" mb="0" cb="0"/><line nr="788" mi="0" ci="3" mb="0" cb="2"/><line nr="789" mi="0" ci="16" mb="0" cb="0"/><line nr="790" mi="0" ci="3" mb="0" cb="2"/><line nr="791" mi="0" ci="7" mb="0" cb="0"/><line nr="793" mi="0" ci="9" mb="0" cb="0"/><line nr="794" mi="0" ci="6" mb="0" cb="0"/><line nr="795" mi="0" ci="3" mb="0" cb="0"/><line nr="797" mi="1" ci="0" mb="0" cb="0"/><line nr="798" mi="4" ci="0" mb="0" cb="0"/><line nr="799" mi="0" ci="1" mb="0" cb="0"/><line nr="800" mi="0" ci="1" mb="0" cb="0"/><line nr="805" mi="0" ci="3" mb="1" cb="1"/><line nr="806" mi="3" ci="0" mb="0" cb="0"/><line nr="808" mi="0" ci="3" mb="0" cb="0"/><line nr="809" mi="0" ci="3" mb="1" cb="1"/><line nr="810" mi="2" ci="0" mb="0" cb="0"/><line nr="813" mi="0" ci="3" mb="0" cb="2"/><line nr="814" mi="0" ci="16" mb="0" cb="0"/><line nr="815" mi="0" ci="3" mb="0" cb="2"/><line nr="816" mi="0" ci="7" mb="0" cb="0"/><line nr="818" mi="0" ci="9" mb="0" cb="0"/><line nr="819" mi="0" ci="6" mb="0" cb="0"/><line nr="820" mi="0" ci="3" mb="0" cb="0"/><line nr="822" mi="1" ci="0" mb="0" cb="0"/><line nr="823" mi="4" ci="0" mb="0" cb="0"/><line nr="824" mi="0" ci="1" mb="0" cb="0"/><line nr="825" mi="0" ci="1" mb="0" cb="0"/><line nr="829" mi="2" ci="0" mb="0" cb="0"/><line nr="830" mi="1" ci="0" mb="0" cb="0"/><line nr="836" mi="0" ci="3" mb="1" cb="1"/><line nr="837" mi="3" ci="0" mb="0" cb="0"/><line nr="840" mi="0" ci="4" mb="0" cb="0"/><line nr="841" mi="1" ci="0" mb="0" cb="0"/><line nr="842" mi="4" ci="0" mb="0" cb="0"/><line nr="843" mi="0" ci="1" mb="0" cb="0"/><line nr="844" mi="0" ci="1" mb="0" cb="0"/><line nr="850" mi="3" ci="0" mb="2" cb="0"/><line nr="851" mi="3" ci="0" mb="0" cb="0"/><line nr="854" mi="6" ci="0" mb="0" cb="0"/><line nr="855" mi="1" ci="0" mb="0" cb="0"/><line nr="856" mi="4" ci="0" mb="0" cb="0"/><line nr="857" mi="1" ci="0" mb="0" cb="0"/><line nr="858" mi="1" ci="0" mb="0" cb="0"/><line nr="864" mi="0" ci="3" mb="1" cb="1"/><line nr="865" mi="3" ci="0" mb="0" cb="0"/><line nr="868" mi="0" ci="6" mb="0" cb="0"/><line nr="869" mi="1" ci="0" mb="0" cb="0"/><line nr="870" mi="4" ci="0" mb="0" cb="0"/><line nr="871" mi="0" ci="1" mb="0" cb="0"/><line nr="872" mi="0" ci="1" mb="0" cb="0"/><line nr="877" mi="4" ci="0" mb="0" cb="0"/><line nr="878" mi="1" ci="0" mb="0" cb="0"/><line nr="890" mi="0" ci="2" mb="1" cb="1"/><line nr="891" mi="2" ci="0" mb="0" cb="0"/><line nr="892" mi="1" ci="0" mb="0" cb="0"/><line nr="894" mi="0" ci="3" mb="0" cb="0"/><line nr="895" mi="0" ci="3" mb="1" cb="1"/><line nr="896" mi="2" ci="0" mb="0" cb="0"/><line nr="898" mi="0" ci="3" mb="0" cb="0"/><line nr="900" mi="0" ci="3" mb="1" cb="1"/><line nr="902" mi="6" ci="0" mb="0" cb="0"/><line nr="903" mi="7" ci="0" mb="0" cb="0"/><line nr="904" mi="5" ci="0" mb="0" cb="0"/><line nr="905" mi="1" ci="3" mb="1" cb="1"/><line nr="907" mi="8" ci="0" mb="0" cb="0"/><line nr="909" mi="0" ci="3" mb="0" cb="2"/><line nr="910" mi="0" ci="8" mb="0" cb="0"/><line nr="911" mi="0" ci="8" mb="0" cb="0"/><line nr="914" mi="0" ci="9" mb="0" cb="0"/><line nr="915" mi="0" ci="7" mb="0" cb="0"/><line nr="916" mi="0" ci="3" mb="0" cb="0"/><line nr="919" mi="1" ci="0" mb="0" cb="0"/><line nr="920" mi="4" ci="0" mb="0" cb="0"/><line nr="921" mi="0" ci="1" mb="0" cb="0"/><line nr="922" mi="0" ci="1" mb="0" cb="0"/><line nr="927" mi="0" ci="2" mb="1" cb="1"/><line nr="928" mi="2" ci="0" mb="0" cb="0"/><line nr="929" mi="2" ci="0" mb="0" cb="0"/><line nr="931" mi="0" ci="3" mb="0" cb="0"/><line nr="932" mi="0" ci="3" mb="1" cb="1"/><line nr="933" mi="2" ci="0" mb="0" cb="0"/><line nr="935" mi="0" ci="3" mb="0" cb="0"/><line nr="937" mi="0" ci="3" mb="1" cb="1"/><line nr="939" mi="5" ci="0" mb="0" cb="0"/><line nr="940" mi="7" ci="0" mb="0" cb="0"/><line nr="941" mi="5" ci="0" mb="0" cb="0"/><line nr="942" mi="1" ci="3" mb="1" cb="1"/><line nr="944" mi="6" ci="0" mb="0" cb="0"/><line nr="947" mi="0" ci="3" mb="1" cb="1"/><line nr="948" mi="8" ci="0" mb="0" cb="0"/><line nr="949" mi="8" ci="0" mb="0" cb="0"/><line nr="950" mi="3" ci="0" mb="0" cb="0"/><line nr="952" mi="0" ci="9" mb="0" cb="0"/><line nr="953" mi="0" ci="5" mb="0" cb="0"/><line nr="954" mi="0" ci="3" mb="0" cb="0"/><line nr="957" mi="1" ci="0" mb="0" cb="0"/><line nr="958" mi="4" ci="0" mb="0" cb="0"/><line nr="959" mi="0" ci="1" mb="0" cb="0"/><line nr="961" mi="0" ci="2" mb="0" cb="0"/><line nr="968" mi="0" ci="3" mb="0" cb="0"/><line nr="969" mi="0" ci="2" mb="0" cb="0"/><line nr="971" mi="0" ci="13" mb="0" cb="2"/><line nr="972" mi="0" ci="4" mb="0" cb="0"/><line nr="973" mi="0" ci="4" mb="0" cb="0"/><line nr="974" mi="0" ci="3" mb="0" cb="2"/><line nr="975" mi="0" ci="2" mb="0" cb="0"/><line nr="976" mi="0" ci="7" mb="0" cb="0"/><line nr="978" mi="0" ci="2" mb="0" cb="2"/><line nr="979" mi="0" ci="1" mb="0" cb="0"/><line nr="984" mi="0" ci="2" mb="0" cb="2"/><line nr="985" mi="0" ci="7" mb="0" cb="0"/><line nr="987" mi="0" ci="1" mb="0" cb="0"/><line nr="992" mi="6" ci="0" mb="4" cb="0"/><line nr="993" mi="2" ci="0" mb="0" cb="0"/><line nr="995" mi="3" ci="0" mb="0" cb="0"/><line nr="996" mi="2" ci="0" mb="2" cb="0"/><line nr="997" mi="6" ci="0" mb="0" cb="0"/><line nr="999" mi="2" ci="0" mb="0" cb="0"/><line nr="1004" mi="3" ci="0" mb="0" cb="0"/><line nr="1005" mi="2" ci="0" mb="0" cb="0"/><line nr="1007" mi="3" ci="0" mb="2" cb="0"/><line nr="1008" mi="8" ci="0" mb="0" cb="0"/><line nr="1009" mi="2" ci="0" mb="2" cb="0"/><line nr="1010" mi="18" ci="0" mb="0" cb="0"/><line nr="1012" mi="4" ci="0" mb="0" cb="0"/><line nr="1013" mi="1" ci="0" mb="0" cb="0"/><line nr="1014" mi="2" ci="0" mb="0" cb="0"/><line nr="1026" mi="0" ci="3" mb="0" cb="0"/><line nr="1027" mi="0" ci="3" mb="1" cb="1"/><line nr="1028" mi="2" ci="0" mb="0" cb="0"/><line nr="1031" mi="0" ci="3" mb="1" cb="1"/><line nr="1032" mi="12" ci="0" mb="0" cb="0"/><line nr="1033" mi="0" ci="3" mb="1" cb="1"/><line nr="1035" mi="5" ci="0" mb="0" cb="0"/><line nr="1037" mi="0" ci="3" mb="1" cb="1"/><line nr="1038" mi="8" ci="0" mb="0" cb="0"/><line nr="1039" mi="5" ci="0" mb="0" cb="0"/><line nr="1042" mi="0" ci="9" mb="0" cb="0"/><line nr="1043" mi="0" ci="4" mb="0" cb="0"/><line nr="1044" mi="0" ci="3" mb="0" cb="0"/><line nr="1047" mi="1" ci="0" mb="0" cb="0"/><line nr="1048" mi="4" ci="0" mb="0" cb="0"/><line nr="1049" mi="0" ci="1" mb="0" cb="0"/><line nr="1050" mi="0" ci="1" mb="0" cb="0"/><line nr="1055" mi="0" ci="3" mb="0" cb="0"/><line nr="1056" mi="0" ci="3" mb="1" cb="1"/><line nr="1057" mi="2" ci="0" mb="0" cb="0"/><line nr="1060" mi="0" ci="4" mb="0" cb="2"/><line nr="1063" mi="1" ci="3" mb="1" cb="1"/><line nr="1066" mi="0" ci="4" mb="0" cb="0"/><line nr="1067" mi="0" ci="3" mb="0" cb="2"/><line nr="1070" mi="0" ci="6" mb="1" cb="3"/><line nr="1071" mi="0" ci="9" mb="0" cb="0"/><line nr="1072" mi="0" ci="4" mb="0" cb="0"/><line nr="1074" mi="0" ci="8" mb="0" cb="0"/><line nr="1075" mi="0" ci="4" mb="0" cb="0"/><line nr="1078" mi="0" ci="2" mb="0" cb="2"/><line nr="1079" mi="0" ci="9" mb="0" cb="0"/><line nr="1080" mi="0" ci="7" mb="0" cb="0"/><line nr="1081" mi="0" ci="4" mb="0" cb="0"/><line nr="1083" mi="0" ci="9" mb="0" cb="0"/><line nr="1087" mi="1" ci="0" mb="0" cb="0"/><line nr="1088" mi="4" ci="0" mb="0" cb="0"/><line nr="1089" mi="0" ci="1" mb="0" cb="0"/><line nr="1090" mi="0" ci="1" mb="0" cb="0"/><line nr="1095" mi="0" ci="3" mb="0" cb="0"/><line nr="1096" mi="0" ci="3" mb="1" cb="1"/><line nr="1097" mi="2" ci="0" mb="0" cb="0"/><line nr="1100" mi="0" ci="3" mb="0" cb="2"/><line nr="1101" mi="0" ci="12" mb="0" cb="0"/><line nr="1102" mi="0" ci="3" mb="1" cb="1"/><line nr="1104" mi="5" ci="0" mb="0" cb="0"/><line nr="1106" mi="0" ci="3" mb="0" cb="2"/><line nr="1107" mi="0" ci="8" mb="0" cb="0"/><line nr="1108" mi="0" ci="5" mb="0" cb="0"/><line nr="1111" mi="0" ci="9" mb="0" cb="0"/><line nr="1112" mi="0" ci="4" mb="0" cb="0"/><line nr="1113" mi="0" ci="3" mb="0" cb="0"/><line nr="1116" mi="1" ci="0" mb="0" cb="0"/><line nr="1117" mi="4" ci="0" mb="0" cb="0"/><line nr="1118" mi="0" ci="1" mb="0" cb="0"/><line nr="1119" mi="0" ci="1" mb="0" cb="0"/><line nr="1124" mi="0" ci="3" mb="0" cb="0"/><line nr="1125" mi="0" ci="3"
[...]
 ci="5" mb="0" cb="0"/><line nr="514" mi="0" ci="7" mb="0" cb="0"/><line nr="515" mi="0" ci="3" mb="0" cb="0"/><line nr="516" mi="0" ci="13" mb="0" cb="0"/><line nr="518" mi="0" ci="4" mb="0" cb="0"/><line nr="524" mi="0" ci="7" mb="0" cb="0"/><line nr="525" mi="0" ci="13" mb="0" cb="0"/><line nr="527" mi="0" ci="4" mb="0" cb="0"/><line nr="534" mi="0" ci="5" mb="0" cb="0"/><line nr="536" mi="0" ci="7" mb="0" cb="0"/><line nr="537" mi="0" ci="3" mb="0" cb="0"/><line nr="538" mi="0" ci="13" mb="0" cb="0"/><line nr="539" mi="0" ci="4" mb="0" cb="0"/><line nr="557" mi="0" ci="4" mb="1" cb="1"/><line nr="558" mi="4" ci="0" mb="0" cb="0"/><line nr="562" mi="0" ci="19" mb="0" cb="0"/><line nr="564" mi="0" ci="3" mb="1" cb="1"/><line nr="565" mi="4" ci="0" mb="0" cb="0"/><line nr="567" mi="0" ci="2" mb="0" cb="0"/><line nr="579" mi="0" ci="4" mb="0" cb="0"/><line nr="580" mi="0" ci="7" mb="0" cb="0"/><line nr="581" mi="0" ci="14" mb="0" cb="0"/><line nr="596" mi="0" ci="5" mb="0" cb="0"/><line nr="597" mi="1" ci="0" mb="0" cb="0"/><line nr="598" mi="5" ci="0" mb="0" cb="0"/><line nr="599" mi="0" ci="1" mb="0" cb="0"/><line nr="600" mi="0" ci="4" mb="0" cb="0"/><line nr="601" mi="0" ci="14" mb="0" cb="0"/><line nr="603" mi="0" ci="3" mb="1" cb="1"/><line nr="604" mi="4" ci="0" mb="0" cb="0"/><line nr="606" mi="0" ci="2" mb="0" cb="0"/><line nr="614" mi="0" ci="5" mb="0" cb="0"/><line nr="615" mi="1" ci="0" mb="0" cb="0"/><line nr="616" mi="5" ci="0" mb="0" cb="0"/><line nr="617" mi="0" ci="1" mb="0" cb="0"/><line nr="618" mi="0" ci="4" mb="0" cb="0"/><line nr="619" mi="0" ci="14" mb="0" cb="0"/><line nr="621" mi="0" ci="3" mb="0" cb="2"/><line nr="622" mi="0" ci="4" mb="0" cb="0"/><line nr="624" mi="0" ci="2" mb="0" cb="0"/><line nr="637" mi="0" ci="4" mb="1" cb="1"/><line nr="638" mi="11" ci="0" mb="0" cb="0"/><line nr="640" mi="0" ci="10" mb="0" cb="0"/><line nr="642" mi="1" ci="0" mb="0" cb="0"/><line nr="643" mi="5" ci="0" mb="0" cb="0"/><line nr="644" mi="0" ci="1" mb="0" cb="0"/><line nr="645" mi="0" ci="4" mb="0" cb="0"/><line nr="646" mi="0" ci="14" mb="0" cb="0"/><line nr="648" mi="0" ci="3" mb="1" cb="1"/><line nr="649" mi="4" ci="0" mb="0" cb="0"/><line nr="651" mi="0" ci="2" mb="0" cb="0"/><line nr="661" mi="0" ci="4" mb="0" cb="2"/><line nr="662" mi="0" ci="11" mb="0" cb="0"/><line nr="667" mi="0" ci="10" mb="0" cb="0"/><line nr="668" mi="1" ci="0" mb="0" cb="0"/><line nr="669" mi="10" ci="0" mb="0" cb="0"/><line nr="671" mi="5" ci="0" mb="0" cb="0"/><line nr="673" mi="5" ci="0" mb="0" cb="0"/><line nr="674" mi="0" ci="1" mb="0" cb="0"/><line nr="676" mi="0" ci="1" mb="0" cb="0"/><line nr="677" mi="5" ci="0" mb="0" cb="0"/><line nr="678" mi="0" ci="1" mb="0" cb="0"/><line nr="679" mi="0" ci="4" mb="0" cb="0"/><line nr="680" mi="0" ci="14" mb="0" cb="0"/><line nr="682" mi="0" ci="3" mb="1" cb="1"/><line nr="683" mi="4" ci="0" mb="0" cb="0"/><line nr="685" mi="0" ci="2" mb="0" cb="0"/><line nr="691" mi="1" ci="0" mb="0" cb="0"/><line nr="692" mi="2" ci="0" mb="0" cb="0"/><line nr="705" mi="0" ci="9" mb="0" cb="0"/><line nr="706" mi="1" ci="0" mb="0" cb="0"/><line nr="707" mi="8" ci="0" mb="0" cb="0"/><line nr="708" mi="0" ci="1" mb="0" cb="0"/><line nr="709" mi="0" ci="4" mb="0" cb="0"/><line nr="716" mi="0" ci="8" mb="0" cb="0"/><line nr="717" mi="1" ci="0" mb="0" cb="0"/><line nr="718" mi="8" ci="0" mb="0" cb="0"/><line nr="719" mi="0" ci="1" mb="0" cb="0"/><line nr="720" mi="0" ci="4" mb="0" cb="0"/><line nr="728" mi="0" ci="3" mb="0" cb="0"/><line nr="729" mi="1" ci="0" mb="0" cb="0"/><line nr="730" mi="8" ci="0" mb="0" cb="0"/><line nr="731" mi="0" ci="1" mb="0" cb="0"/><line nr="732" mi="0" ci="2" mb="0" cb="0"/><line nr="739" mi="0" ci="5" mb="0" cb="2"/><line nr="743" mi="1" ci="0" mb="0" cb="0"/><line nr="744" mi="8" ci="0" mb="0" cb="0"/><line nr="745" mi="0" ci="1" mb="0" cb="0"/><line nr="746" mi="0" ci="2" mb="0" cb="0"/><line nr="782" mi="0" ci="3" mb="1" cb="1"/><line nr="783" mi="2" ci="0" mb="0" cb="0"/><line nr="785" mi="0" ci="3" mb="0" cb="0"/><line nr="787" mi="0" ci="3" mb="1" cb="1"/><line nr="788" mi="3" ci="0" mb="2" cb="0"/><line nr="789" mi="2" ci="0" mb="0" cb="0"/><line nr="791" mi="4" ci="0" mb="2" cb="0"/><line nr="792" mi="2" ci="0" mb="0" cb="0"/><line nr="794" mi="3" ci="0" mb="2" cb="0"/><line nr="795" mi="2" ci="0" mb="0" cb="0"/><line nr="797" mi="4" ci="0" mb="2" cb="0"/><line nr="798" mi="2" ci="0" mb="0" cb="0"/><line nr="800" mi="3" ci="0" mb="2" cb="0"/><line nr="801" mi="2" ci="0" mb="0" cb="0"/><line nr="803" mi="3" ci="0" mb="0" cb="0"/><line nr="806" mi="0" ci="7" mb="0" cb="2"/><line nr="807" mi="0" ci="2" mb="0" cb="2"/><line nr="808" mi="0" ci="4" mb="0" cb="0"/><line nr="809" mi="0" ci="2" mb="1" cb="1"/><line nr="810" mi="2" ci="0" mb="0" cb="0"/><line nr="812" mi="0" ci="3" mb="0" cb="0"/><line nr="814" mi="0" ci="3" mb="0" cb="2"/><line nr="815" mi="0" ci="2" mb="0" cb="0"/><line nr="818" mi="0" ci="3" mb="1" cb="1"/><line nr="819" mi="2" ci="0" mb="0" cb="0"/><line nr="821" mi="0" ci="3" mb="0" cb="0"/><line nr="823" mi="0" ci="3" mb="0" cb="2"/><line nr="824" mi="0" ci="3" mb="0" cb="0"/><line nr="825" mi="0" ci="3" mb="0" cb="2"/><line nr="826" mi="0" ci="2" mb="1" cb="1"/><line nr="827" mi="0" ci="7" mb="2" cb="2"/><line nr="828" mi="0" ci="7" mb="2" cb="2"/><line nr="829" mi="0" ci="2" mb="0" cb="0"/><line nr="834" mi="2" ci="0" mb="0" cb="0"/><line nr="837" mi="0" ci="4" mb="1" cb="1"/><line nr="838" mi="0" ci="2" mb="0" cb="0"/><line nr="840" mi="0" ci="3" mb="0" cb="2"/><line nr="844" mi="0" ci="3" mb="1" cb="1"/><line nr="845" mi="2" ci="0" mb="0" cb="0"/><line nr="847" mi="0" ci="3" mb="0" cb="0"/><line nr="848" mi="0" ci="3" mb="0" cb="2"/><line nr="849" mi="0" ci="3" mb="1" cb="1"/><line nr="850" mi="2" ci="0" mb="0" cb="0"/><line nr="852" mi="0" ci="4" mb="1" cb="1"/><line nr="853" mi="0" ci="2" mb="0" cb="0"/><line nr="855" mi="0" ci="3" mb="1" cb="1"/><line nr="856" mi="0" ci="5" mb="0" cb="0"/><line nr="860" mi="0" ci="4" mb="1" cb="1"/><line nr="861" mi="0" ci="2" mb="0" cb="0"/><line nr="864" mi="2" ci="0" mb="0" cb="0"/><line nr="873" mi="0" ci="4" mb="0" cb="0"/><line nr="874" mi="0" ci="3" mb="1" cb="1"/><line nr="876" mi="0" ci="2" mb="0" cb="0"/><line nr="878" mi="2" ci="0" mb="0" cb="0"/><line nr="884" mi="0" ci="10" mb="0" cb="2"/><line nr="885" mi="0" ci="3" mb="1" cb="1"/><line nr="886" mi="2" ci="0" mb="0" cb="0"/><line nr="888" mi="0" ci="6" mb="1" cb="1"/><line nr="889" mi="2" ci="0" mb="0" cb="0"/><line nr="892" mi="0" ci="2" mb="0" cb="0"/><line nr="898" mi="0" ci="4" mb="0" cb="0"/><line nr="899" mi="0" ci="12" mb="3" cb="5"/><line nr="900" mi="0" ci="2" mb="0" cb="0"/><line nr="902" mi="0" ci="3" mb="1" cb="1"/><line nr="903" mi="2" ci="0" mb="0" cb="0"/><line nr="905" mi="0" ci="3" mb="0" cb="0"/><line nr="906" mi="0" ci="4" mb="0" cb="0"/><line nr="907" mi="0" ci="1" mb="0" cb="0"/><line nr="918" mi="0" ci="3" mb="0" cb="2"/><line nr="919" mi="0" ci="6" mb="0" cb="0"/><line nr="920" mi="0" ci="2" mb="1" cb="1"/><line nr="921" mi="0" ci="2" mb="0" cb="0"/><line nr="924" mi="0" ci="2" mb="0" cb="0"/><line nr="929" mi="0" ci="3" mb="0" cb="2"/><line nr="930" mi="0" ci="6" mb="0" cb="0"/><line nr="931" mi="0" ci="2" mb="1" cb="1"/><line nr="932" mi="0" ci="2" mb="0" cb="0"/><line nr="935" mi="0" ci="2" mb="0" cb="0"/><counter type="INSTRUCTION" missed="267" covered="864"/><counter type="BRANCH" missed="50" covered="66"/><counter type="LINE" missed="77" covered="205"/><counter type="COMPLEXITY" missed="58" covered="64"/><counter type="METHOD" missed="16" covered="48"/><counter type="CLASS" missed="0" covered="1"/></sourcefile><sourcefile name="PackageVersion.java"><line nr="12" mi="3" ci="0" mb="0" cb="0"/><line nr="13" mi="0" ci="6" mb="0" cb="0"/><line nr="18" mi="2" ci="0" mb="0" cb="0"/><counter type="INSTRUCTION" missed="5" covered="6"/><counter type="LINE" missed="2" covered="1"/><counter type="COMPLEXITY" missed="2" covered="1"/><counter type="METHOD" missed="2" covered="1"/><counter type="CLASS" missed="0" covered="1"/></sourcefile><sourcefile name="XmlMapper.java"><line nr="51" mi="0" ci="3" mb="0" cb="0"/><line nr="52" mi="0" ci="1" mb="0" cb="0"/><line nr="55" mi="0" ci="16" mb="0" cb="2"/><line nr="56" mi="0" ci="6" mb="0" cb="0"/><line nr="58" mi="0" ci="2" mb="0" cb="0"/><line nr="62" mi="0" ci="16" mb="0" cb="2"/><line nr="63" mi="0" ci="6" mb="0" cb="0"/><line nr="65" mi="0" ci="2" mb="0" cb="0"/><line nr="70" mi="2" ci="0" mb="2" cb="0"/><line nr="71" mi="7" ci="0" mb="0" cb="0"/><line nr="73" mi="6" ci="0" mb="0" cb="0"/><line nr="75" mi="2" ci="0" mb="0" cb="0"/><line nr="79" mi="0" ci="16" mb="0" cb="2"/><line nr="80" mi="0" ci="6" mb="0" cb="0"/><line nr="82" mi="0" ci="2" mb="0" cb="0"/><line nr="86" mi="0" ci="16" mb="0" cb="2"/><line nr="87" mi="0" ci="6" mb="0" cb="0"/><line nr="89" mi="0" ci="2" mb="0" cb="0"/><line nr="94" mi="0" ci="2" mb="1" cb="1"/><line nr="95" mi="0" ci="7" mb="0" cb="0"/><line nr="97" mi="6" ci="0" mb="0" cb="0"/><line nr="99" mi="0" ci="2" mb="0" cb="0"/><line nr="103" mi="0" ci="5" mb="0" cb="0"/><line nr="104" mi="0" ci="2" mb="0" cb="0"/><line nr="108" mi="0" ci="6" mb="0" cb="0"/><line nr="109" mi="0" ci="2" mb="0" cb="0"/><line nr="116" mi="0" ci="5" mb="0" cb="0"/><line nr="117" mi="0" ci="2" mb="0" cb="0"/><line nr="121" mi="0" ci="4" mb="0" cb="0"/><line nr="123" mi="0" ci="5" mb="0" cb="0"/><line nr="135" mi="0" ci="5" mb="0" cb="0"/><line nr="136" mi="0" ci="1" mb="0" cb="0"/><line nr="142" mi="7" ci="0" mb="0" cb="0"/><line nr="143" mi="1" ci="0" mb="0" cb="0"/><line nr="149" mi="0" ci="6" mb="0" cb="0"/><line nr="150" mi="0" ci="1" mb="0" cb="0"/><line nr="153" mi="0" ci="4" mb="0" cb="0"/><line nr="154" mi="0" ci="1" mb="0" cb="0"/><line nr="157" mi="0" ci="6" mb="0" cb="0"/><line nr="158" mi="0" ci="1" mb="0" cb="0"/><line nr="164" mi="0" ci="13" mb="0" cb="0"/><line nr="166" mi="0" ci="3" mb="0" cb="0"/><line nr="168" mi="0" ci="2" mb="1" cb="1"/><line nr="169" mi="0" ci="4" mb="0" cb="0"/><line nr="172" mi="0" ci="6" mb="0" cb="0"/><line nr="175" mi="0" ci="4" mb="0" cb="0"/><line nr="180" mi="0" ci="4" mb="0" cb="0"/><line nr="184" mi="0" ci="3" mb="0" cb="0"/><line nr="186" mi="0" ci="3" mb="0" cb="0"/><line nr="188" mi="0" ci="2" mb="0" cb="0"/><line nr="192" mi="0" ci="5" mb="0" cb="0"/><line nr="193" mi="0" ci="2" mb="0" cb="0"/><line nr="194" mi="0" ci="5" mb="0" cb="0"/><line nr="195" mi="0" ci="2" mb="0" cb="0"/><line nr="196" mi="0" ci="5" mb="0" cb="0"/><line nr="197" mi="0" ci="2" mb="0" cb="0"/><line nr="198" mi="0" ci="1" mb="0" cb="0"/><line nr="204" mi="0" ci="3" mb="0" cb="0"/><line nr="205" mi="0" ci="4" mb="0" cb="0"/><line nr="206" mi="0" ci="1" mb="0" cb="0"/><line nr="211" mi="0" ci="3" mb="0" cb="0"/><line nr="212" mi="0" ci="5" mb="0" cb="0"/><line nr="219" mi="7" ci="0" mb="0" cb="0"/><line nr="226" mi="0" ci="7" mb="0" cb="0"/><line nr="233" mi="0" ci="8" mb="0" cb="0"/><line nr="238" mi="0" ci="2" mb="0" cb="0"/><line nr="250" mi="0" ci="6" mb="0" cb="0"/><line nr="271" mi="0" ci="5" mb="0" cb="0"/><line nr="272" mi="0" ci="1" mb="0" cb="0"/><line nr="282" mi="0" ci="4" mb="0" cb="0"/><line nr="283" mi="0" ci="11" mb="0" cb="2"/><line nr="284" mi="0" ci="3" mb="0" cb="2"/><line nr="285" mi="0" ci="4" mb="0" cb="0"/><line nr="287" mi="0" ci="1" mb="0" cb="0"/><line nr="288" mi="0" ci="2" mb="0" cb="0"/><line nr="295" mi="0" ci="5" mb="0" cb="0"/><line nr="296" mi="0" ci="1" mb="0" cb="0"/><line nr="306" mi="0" ci="4" mb="0" cb="0"/><line nr="310" mi="0" ci="7" mb="0" cb="0"/><line nr="311" mi="0" ci="2" mb="0" cb="0"/><line nr="315" mi="7" ci="0" mb="0" cb="0"/><line nr="316" mi="2" ci="0" mb="0" cb="0"/><line nr="320" mi="0" ci="6" mb="0" cb="0"/><line nr="321" mi="0" ci="2" mb="0" cb="0"/><line nr="325" mi="0" ci="6" mb="0" cb="0"/><line nr="326" mi="0" ci="2" mb="0" cb="0"/><line nr="330" mi="0" ci="6" mb="0" cb="0"/><line nr="331" mi="0" ci="2" mb="0" cb="0"/><line nr="335" mi="0" ci="6" mb="0" cb="0"/><line nr="336" mi="0" ci="2" mb="0" cb="0"/><line nr="353" mi="0" ci="8" mb="0" cb="0"/><line nr="364" mi="8" ci="0" mb="0" cb="0"/><line nr="377" mi="0" ci="5" mb="0" cb="0"/><line nr="378" mi="0" ci="5" mb="0" cb="0"/><line nr="390" mi="0" ci="5" mb="0" cb="0"/><line nr="391" mi="0" ci="4" mb="0" cb="0"/><line nr="394" mi="0" ci="1" mb="0" cb="0"/><counter type="INSTRUCTION" missed="55" covered="382"/><counter type="BRANCH" missed="4" covered="14"/><counter type="LINE" missed="11" covered="86"/><counter type="COMPLEXITY" missed="8" covered="39"/><counter type="METHOD" missed="5" covered="33"/><counter type="CLASS" missed="0" covered="2"/></sourcefile><sourcefile name="JacksonXmlModule.java"><line nr="37" mi="0" ci="3" mb="0" cb="0"/><line nr="47" mi="0" ci="3" mb="0" cb="0"/><line nr="57" mi="0" ci="4" mb="0" cb="0"/><line nr="58" mi="0" ci="1" mb="0" cb="0"/><line nr="65" mi="0" ci="5" mb="0" cb="0"/><line nr="66" mi="0" ci="7" mb="0" cb="0"/><line nr="69" mi="0" ci="4" mb="0" cb="0"/><line nr="72" mi="0" ci="4" mb="0" cb="2"/><line nr="73" mi="0" ci="4" mb="0" cb="0"/><line nr="74" mi="0" ci="4" mb="0" cb="0"/><line nr="79" mi="0" ci="3" mb="0" cb="0"/><line nr="80" mi="0" ci="1" mb="0" cb="0"/><line nr="103" mi="0" ci="3" mb="0" cb="0"/><line nr="104" mi="0" ci="1" mb="0" cb="0"/><line nr="120" mi="0" ci="3" mb="0" cb="0"/><line nr="121" mi="0" ci="1" mb="0" cb="0"/><line nr="130" mi="0" ci="6" mb="0" cb="0"/><counter type="INSTRUCTION" missed="0" covered="57"/><counter type="BRANCH" missed="0" covered="2"/><counter type="LINE" missed="0" covered="17"/><counter type="COMPLEXITY" missed="0" covered="6"/><counter type="METHOD" missed="0" covered="5"/><counter type="CLASS" missed="0" covered="1"/></sourcefile><sourcefile name="XmlFactoryBuilder.java"><line nr="80" mi="0" ci="2" mb="0" cb="0"/><line nr="81" mi="0" ci="3" mb="0" cb="0"/><line nr="82" mi="0" ci="3" mb="0" cb="0"/><line nr="83" mi="0" ci="3" mb="0" cb="0"/><line nr="84" mi="0" ci="3" mb="0" cb="0"/><line nr="85" mi="0" ci="1" mb="0" cb="0"/><line nr="88" mi="3" ci="0" mb="0" cb="0"/><line nr="89" mi="4" ci="0" mb="0" cb="0"/><line nr="90" mi="4" ci="0" mb="0" cb="0"/><line nr="91" mi="4" ci="0" mb="0" cb="0"/><line nr="92" mi="4" ci="0" mb="0" cb="0"/><line nr="93" mi="4" ci="0" mb="0" cb="0"/><line nr="94" mi="4" ci="0" mb="0" cb="0"/><line nr="95" mi="3" ci="0" mb="0" cb="0"/><line nr="96" mi="1" ci="0" mb="0" cb="0"/><line nr="100" mi="0" ci="3" mb="0" cb="0"/><line nr="101" mi="0" ci="3" mb="0" cb="0"/><line nr="103" mi="0" ci="3" mb="0" cb="0"/><line nr="106" mi="0" ci="3" mb="0" cb="2"/><line nr="107" mi="0" ci="3" mb="0" cb="0"/><line nr="109" mi="0" ci="3" mb="0" cb="0"/><line nr="113" mi="0" ci="4" mb="0" cb="0"/><line nr="115" mi="0" ci="4" mb="0" cb="0"/><line nr="117" mi="0" ci="4" mb="0" cb="0"/><line nr="118" mi="0" ci="2" mb="0" cb="0"/><line nr="122" mi="0" ci="3" mb="0" cb="2"/><line nr="123" mi="0" ci="3" mb="0" cb="0"/><line nr="125" mi="0" ci="3" mb="0" cb="0"/><line nr="129" mi="0" ci="4" mb="0" cb="0"/><line nr="131" mi="0" ci="4" mb="0" cb="0"/><line nr="132" mi="0" ci="2" mb="0" cb="0"/><line nr="137" mi="4" ci="0" mb="2" cb="0"/><line nr="138" mi="6" ci="0" mb="0" cb="0"/><line nr="142" mi="0" ci="3" mb="0" cb="0"/><line nr="148" mi="7" ci="0" mb="0" cb="0"/><line nr="149" mi="4" ci="0" mb="0" cb="0"/><line nr="153" mi="7" ci="0" mb="0" cb="0"/><line nr="154" mi="16" ci="0" mb="2" cb="0"/><line nr="155" mi="7" ci="0" mb="0" cb="0"/><line nr="157" mi="4" ci="0" mb="0" cb="0"/><line nr="161" mi="9" ci="0" mb="0" cb="0"/><line nr="162" mi="4" ci="0" mb="0" cb="0"/><line nr="166" mi="9" ci="0" mb="0" cb="0"/><line nr="167" mi="16" ci="0" mb="2" cb="0"/><line nr="168" mi="9" ci="0" mb="0" cb="0"/><line nr="170" mi="4" ci="0" mb="0" cb="0"/><line nr="174" mi="10" ci="0" mb="2" cb="0"/><line nr="180" mi="7" ci="0" mb="0" cb="0"/><line nr="181" mi="4" ci="0" mb="0" cb="0"/><line nr="185" mi="7" ci="0" mb="0" cb="0"/><line nr="186" mi="16" ci="0" mb="2" cb="0"/><line nr="187" mi="7" ci="0" mb="0" cb="0"/><line nr="189" mi="4" ci="0" mb="0" cb="0"/><line nr="193" mi="9" ci="0" mb="0" cb="0"/><line nr="194" mi="4" ci="0" mb="0" cb="0"/><line nr="198" mi="9" ci="0" mb="0" cb="0"/><line nr="199" mi="16" ci="0" mb="2" cb="0"/><line nr="200" mi="9" ci="0" mb="0" cb="0"/><line nr="202" mi="4" ci="0" mb="0" cb="0"/><line nr="206" mi="10" ci="0" mb="2" cb="0"/><line nr="212" mi="3" ci="0" mb="0" cb="0"/><line nr="213" mi="4" ci="0" mb="0" cb="0"/><line nr="220" mi="0" ci="3" mb="0" cb="0"/><line nr="221" mi="0" ci="4" mb="0" cb="0"/><line nr="229" mi="0" ci="3" mb="0" cb="0"/><line nr="230" mi="0" ci="4" mb="0" cb="0"/><line nr="238" mi="4" ci="0" mb="0" cb="0"/><line nr="246" mi="4" ci="0" mb="0" cb="0"/><line nr="262" mi="3" ci="0" mb="0" cb="0"/><line nr="263" mi="4" ci="0" mb="0" cb="0"/><line nr="270" mi="3" ci="0" mb="0" cb="0"/><line nr="271" mi="4" ci="0" mb="0" cb="0"/><line nr="278" mi="0" ci="5" mb="0" cb="0"/><counter type="INSTRUCTION" missed="282" covered="88"/><counter type="BRANCH" missed="14" covered="4"/><counter type="LINE" missed="45" covered="28"/><counter type="COMPLEXITY" missed="24" covered="14"/><counter type="METHOD" missed="17" covered="12"/><counter type="CLASS" missed="0" covered="1"/></sourcefile><sourcefile name="DefaultingXmlTypeResolverBuilder.java"><line nr="33" mi="0" ci="4" mb="0" cb="0"/><line nr="34" mi="0" ci="1" mb="0" cb="0"/><line nr="45" mi="0" ci="5" mb="0" cb="0"/><line nr="46" mi="0" ci="3" mb="1" cb="1"/><line nr="47" mi="0" ci="5" mb="0" cb="0"/><line nr="49" mi="0" ci="2" mb="0" cb="0"/><line nr="56" mi="5" ci="0" mb="4" cb="0"/><line nr="57" mi="4" ci="0" mb="0" cb="0"/><line nr="59" mi="4" ci="0" mb="0" cb="0"/><line nr="60" mi="2" ci="0" mb="0" cb="0"/><line nr="68" mi="0" ci="3" mb="1" cb="1"/><line nr="69" mi="3" ci="0" mb="0" cb="0"/><line nr="72" mi="0" ci="6" mb="2" cb="1"/><line nr="74" mi="0" ci="8" mb="0" cb="0"/><line nr="75" mi="0" ci="2" mb="0" cb="0"/><line nr="77" mi="8" ci="0" mb="0" cb="0"/><line nr="78" mi="2" ci="0" mb="0" cb="0"/><line nr="81" mi="9" ci="0" mb="0" cb="0"/><counter type="INSTRUCTION" missed="37" covered="39"/><counter type="BRANCH" missed="8" covered="3"/><counter type="LINE" missed="8" covered="10"/><counter type="COMPLEXITY" missed="7" covered="3"/><counter type="METHOD" missed="1" covered="3"/><counter type="CLASS" missed="0" covered="1"/></sourcefile><counter type="INSTRUCTION" missed="828" covered="1977"/><counter type="BRANCH" missed="120" covered="144"/><counter type="LINE" missed="182" covered="489"/><counter type="COMPLEXITY" missed="139" covered="195"/><counter type="METHOD" missed="53" covered="148"/><counter type="CLASS" missed="1" covered="17"/></package><package name="com/fasterxml/jackson/dataformat/xml/annotation"><class name="com/fasterxml/jackson/dataformat/xml/annotation/JacksonXmlProperty" sourcefilename="JacksonXmlProperty.java"/><class name="com/fasterxml/jackson/dataformat/xml/annotation/JacksonXmlText" sourcefilename="JacksonXmlText.java"/><class name="com/fasterxml/jackson/dataformat/xml/annotation/JacksonXmlCData" sourcefilename="JacksonXmlCData.java"/><class name="com/fasterxml/jackson/dataformat/xml/annotation/JacksonXmlElementWrapper" sourcefilename="JacksonXmlElementWrapper.java"/><class name="com/fasterxml/jackson/dataformat/xml/annotation/JacksonXmlRootElement" sourcefilename="JacksonXmlRootElement.java"/><sourcefile name="JacksonXmlCData.java"/><sourcefile name="JacksonXmlRootElement.java"/><sourcefile name="JacksonXmlProperty.java"/><sourcefile name="JacksonXmlText.java"/><sourcefile name="JacksonXmlElementWrapper.java"/></package><counter type="INSTRUCTION" missed="3892" covered="8050"/><counter type="BRANCH" missed="560" covered="917"/><counter type="LINE" missed="937" covered="2125"/><counter type="COMPLEXITY" missed="603" covered="752"/><counter type="METHOD" missed="181" covered="417"/><counter type="CLASS" missed="3" covered="45"/></report>