<?xml version="1.0" encoding="UTF-8" ?>
<testsuite tests="41" failures="0" name="org.davidmoten.hilbert.HilbertCurveTest" time="17.275" errors="0" skipped="0">
  <properties>
[...]
</properties>
  <testcase classname="org.davidmoten.hilbert.HilbertCurveTest" name="testIndexCannotBeNegative" time="0.002"/>
  <testcase classname="org.davidmoten.hilbert.HilbertCurveTest" name="testTooManyBits" time="0"/>
  <testcase classname="org.davidmoten.hilbert.HilbertCurveTest" name="testPointFromIndexBits1Point0_1MutateAllowed" time="0"/>
  <testcase classname="org.davidmoten.hilbert.HilbertCurveTest" name="testMaxOrdinate" time="0"/>
  <testcase classname="org.davidmoten.hilbert.HilbertCurveTest" name="testSmallQueryVisitWholeRegion" time="0.008"/>
  <testcase classname="org.davidmoten.hilbert.HilbertCurveTest" name="testPointSaveAllocationsSmall" time="0.005"/>
  <testcase classname="org.davidmoten.hilbert.HilbertCurveTest" name="testDimensionAtLeastTwo" time="0.001"/>
  <testcase classname="org.davidmoten.hilbert.HilbertCurveTest" name="testToBigInteger" time="0"/>
  <testcase classname="org.davidmoten.hilbert.HilbertCurveTest" name="testRoundTripLotsOfDimensions" time="0.504"/>
  <testcase classname="org.davidmoten.hilbert.HilbertCurveTest" name="testBitsPositive" time="0"/>
  <testcase classname="org.davidmoten.hilbert.HilbertCurveTest" name="testPrintOutIndexValues" time="0.379"/>
  <testcase classname="org.davidmoten.hilbert.HilbertCurveTest" name="testRoundTrip3Dimensions3BitsIndex1" time="0"/>
  <testcase classname="org.davidmoten.hilbert.HilbertCurveTest" name="testQueryJoin0" time="0.005"/>
  <testcase classname="org.davidmoten.hilbert.HilbertCurveTest" name="testQueryJoin3" time="0"/>
  <testcase classname="org.davidmoten.hilbert.HilbertCurveTest" name="testQueryJoin6" time="0.003"/>
  <testcase classname="org.davidmoten.hilbert.HilbertCurveTest" name="testRoundTrips" time="0.05"/>
  <testcase classname="org.davidmoten.hilbert.HilbertCurveTest" name="testPointFromIndexBits1" time="0.001"/>
  <testcase classname="org.davidmoten.hilbert.HilbertCurveTest" name="smallPointDimensionsForSmallCurve" time="0.001"/>
  <testcase classname="org.davidmoten.hilbert.HilbertCurveTest" name="testSmallQueryPerimeterAlgorithm" time="0"/>
  <testcase classname="org.davidmoten.hilbert.HilbertCurveTest" name="testPointSaveAllocations" time="0"/>
  <testcase classname="org.davidmoten.hilbert.HilbertCurveTest" name="testPointMatchesDimensions" time="0"/>
  <testcase classname="org.davidmoten.hilbert.HilbertCurveTest" name="smallBitsTimesDimensionsMustBeLessThan63" time="0.001"/>
  <testcase classname="org.davidmoten.hilbert.HilbertCurveTest" name="checkPathIsSingleStepOnly" time="0.022"/>
  <testcase classname="org.davidmoten.hilbert.HilbertCurveTest" name="testIndexCannotBeNull" time="0"/>
  <testcase classname="org.davidmoten.hilbert.HilbertCurveTest" name="testRoundTripsSmall" time="0.024"/>
  <testcase classname="org.davidmoten.hilbert.HilbertCurveTest" name="testTransposeZero" time="0"/>
  <testcase classname="org.davidmoten.hilbert.HilbertCurveTest" name="testTotalRangeExpandingWithIncreasingSplitDepth" time="14.421"/>
  <testcase classname="org.davidmoten.hilbert.HilbertCurveTest" name="testRoundTripLotsOfBits" time="0.508"/>
  <testcase classname="org.davidmoten.hilbert.HilbertCurveTest" name="exhaustiveTestOfWholeDomain2DQueries" time="1.339"/>
  <testcase classname="org.davidmoten.hilbert.HilbertCurveTest" name="testPointFromIndexBits1Point0_1" time="0"/>
  <testcase classname="org.davidmoten.hilbert.HilbertCurveTest" name="testPointFromIndexBits1Point1_1" time="0"/>
  <testcase classname="org.davidmoten.hilbert.HilbertCurveTest" name="testMaxIndex" time="0"/>
  <testcase classname="org.davidmoten.hilbert.HilbertCurveTest" name="testBitSet" time="0"/>
  <testcase classname="org.davidmoten.hilbert.HilbertCurveTest" name="testSmallQueryVisitWholeRegionMultipleRanges" time="0"/>
  <testcase classname="org.davidmoten.hilbert.HilbertCurveTest" name="testFullDomainSearch" time="0"/>
  <testcase classname="org.davidmoten.hilbert.HilbertCurveTest" name="testIndex1" time="0"/>
  <testcase classname="org.davidmoten.hilbert.HilbertCurveTest" name="testIndex2" time="0"/>
  <testcase classname="org.davidmoten.hilbert.HilbertCurveTest" name="testIssue1" time="0"/>
  <testcase classname="org.davidmoten.hilbert.HilbertCurveTest" name="testQuery1" time="0.001"/>
  <testcase classname="org.davidmoten.hilbert.HilbertCurveTest" name="testPointManyBits" time="0"/>
  <testcase classname="org.davidmoten.hilbert.HilbertCurveTest" name="testTranspose" time="0"/>
</testsuite>